{"level":"info","message":"API gateway is running on PORT 3000","service":"api-gateway","timestamp":"2025-05-02T14:05:15.538Z"}
{"level":"info","message":"Identity is running on PORT http://localhost:3001","service":"api-gateway","timestamp":"2025-05-02T14:05:15.543Z"}
{"level":"info","message":"Redis Url redis://localhost:6379","service":"api-gateway","timestamp":"2025-05-02T14:05:15.544Z"}
{"level":"info","message":"API gateway is running on PORT 3000","service":"api-gateway","timestamp":"2025-05-05T12:29:47.278Z"}
{"level":"info","message":"Identity is running on PORT http://localhost:3001","service":"api-gateway","timestamp":"2025-05-05T12:29:47.299Z"}
{"level":"info","message":"Redis Url redis://localhost:6379","service":"api-gateway","timestamp":"2025-05-05T12:29:47.302Z"}
{"level":"info","message":"API gateway is running on PORT 3000","service":"api-gateway","timestamp":"2025-05-05T12:41:10.246Z"}
{"level":"info","message":"Identity is running on PORT http://localhost:3001","service":"api-gateway","timestamp":"2025-05-05T12:41:10.253Z"}
{"level":"info","message":"Redis Url redis://localhost:6379","service":"api-gateway","timestamp":"2025-05-05T12:41:10.254Z"}
{"level":"info","message":"API gateway is running on PORT 3000","service":"api-gateway","timestamp":"2025-05-05T12:41:13.409Z"}
{"level":"info","message":"Identity is running on PORT http://localhost:3001","service":"api-gateway","timestamp":"2025-05-05T12:41:13.413Z"}
{"level":"info","message":"Redis Url redis://localhost:6379","service":"api-gateway","timestamp":"2025-05-05T12:41:13.414Z"}
{"level":"info","message":"API gateway is running on PORT 3000","service":"api-gateway","timestamp":"2025-05-05T12:45:00.271Z"}
{"level":"info","message":"Identity is running on PORT http://localhost:3001","service":"api-gateway","timestamp":"2025-05-05T12:45:00.275Z"}
{"level":"info","message":"Redis Url redis://localhost:6379","service":"api-gateway","timestamp":"2025-05-05T12:45:00.275Z"}
{"level":"info","message":"API gateway is running on PORT 3000","service":"api-gateway","timestamp":"2025-05-05T12:45:04.781Z"}
{"level":"info","message":"Identity is running on PORT http://localhost:3001","service":"api-gateway","timestamp":"2025-05-05T12:45:04.785Z"}
{"level":"info","message":"Redis Url redis://localhost:6379","service":"api-gateway","timestamp":"2025-05-05T12:45:04.785Z"}
{"level":"info","message":"API gateway is running on PORT 3000","service":"api-gateway","timestamp":"2025-05-05T12:54:42.029Z"}
{"level":"info","message":"Identity is running on PORT http://localhost:3001","service":"api-gateway","timestamp":"2025-05-05T12:54:42.035Z"}
{"level":"info","message":"Redis Url redis://localhost:6379","service":"api-gateway","timestamp":"2025-05-05T12:54:42.036Z"}
{"level":"info","message":"API gateway is running on PORT 3000","service":"api-gateway","timestamp":"2025-05-05T12:55:44.488Z"}
{"level":"info","message":"Identity is running on PORT http://localhost:3001","service":"api-gateway","timestamp":"2025-05-05T12:55:44.492Z"}
{"level":"info","message":"Redis Url redis://localhost:6379","service":"api-gateway","timestamp":"2025-05-05T12:55:44.493Z"}
{"level":"info","message":"API gateway is running on PORT 2000","service":"api-gateway","timestamp":"2025-05-05T13:01:21.444Z"}
{"level":"info","message":"Identity is running on PORT http://localhost:3001","service":"api-gateway","timestamp":"2025-05-05T13:01:21.447Z"}
{"level":"info","message":"Redis Url redis://localhost:6379","service":"api-gateway","timestamp":"2025-05-05T13:01:21.448Z"}
{"level":"info","message":"Recieved POST request to /v1/auth/register","service":"api-gateway","timestamp":"2025-05-05T13:01:28.868Z"}
{"level":"info","message":"Request Body [object Object]","service":"api-gateway","timestamp":"2025-05-05T13:01:28.869Z"}
{"level":"info","message":"Proxying request to: /auth/register","service":"api-gateway","timestamp":"2025-05-05T13:01:28.871Z"}
{"level":"info","message":"Response is recieved for identity service 404","service":"api-gateway","timestamp":"2025-05-05T13:01:28.917Z"}
{"level":"info","message":"Recieved POST request to /v1/auth/register","service":"api-gateway","timestamp":"2025-05-05T13:02:52.807Z"}
{"level":"info","message":"Request Body [object Object]","service":"api-gateway","timestamp":"2025-05-05T13:02:52.807Z"}
{"level":"info","message":"Proxying request to: /auth/register","service":"api-gateway","timestamp":"2025-05-05T13:02:52.808Z"}
{"level":"info","message":"Response is recieved for identity service 404","service":"api-gateway","timestamp":"2025-05-05T13:02:52.816Z"}
{"level":"info","message":"Recieved GET request to /","service":"api-gateway","timestamp":"2025-05-05T13:03:04.814Z"}
{"level":"info","message":"Request Body undefined","service":"api-gateway","timestamp":"2025-05-05T13:03:04.814Z"}
{"level":"info","message":"API gateway is running on PORT 2000","service":"api-gateway","timestamp":"2025-05-05T13:05:56.509Z"}
{"level":"info","message":"Identity is running on PORT http://localhost:3001","service":"api-gateway","timestamp":"2025-05-05T13:05:56.513Z"}
{"level":"info","message":"Redis Url redis://localhost:6379","service":"api-gateway","timestamp":"2025-05-05T13:05:56.514Z"}
{"level":"info","message":"API gateway is running on PORT 2000","service":"api-gateway","timestamp":"2025-05-05T13:07:06.906Z"}
{"level":"info","message":"Identity is running on PORT http://localhost:3001","service":"api-gateway","timestamp":"2025-05-05T13:07:06.910Z"}
{"level":"info","message":"Redis Url redis://localhost:6379","service":"api-gateway","timestamp":"2025-05-05T13:07:06.911Z"}
{"level":"info","message":"Recieved GET request to /","service":"api-gateway","timestamp":"2025-05-05T13:07:12.714Z"}
{"level":"info","message":"Request Body undefined","service":"api-gateway","timestamp":"2025-05-05T13:07:12.714Z"}
{"level":"info","message":"Recieved GET request to /favicon.ico","service":"api-gateway","timestamp":"2025-05-05T13:07:12.966Z"}
{"level":"info","message":"Request Body undefined","service":"api-gateway","timestamp":"2025-05-05T13:07:12.967Z"}
{"level":"info","message":"Recieved POST request to /v1/auth/register","service":"api-gateway","timestamp":"2025-05-05T13:07:16.598Z"}
{"level":"info","message":"Request Body [object Object]","service":"api-gateway","timestamp":"2025-05-05T13:07:16.599Z"}
{"level":"info","message":"Proxying request to: /auth/register","service":"api-gateway","timestamp":"2025-05-05T13:07:16.602Z"}
{"level":"info","message":"Response is recieved for identity service 404","service":"api-gateway","timestamp":"2025-05-05T13:07:16.671Z"}
{"level":"info","message":"API gateway is running on PORT 2000","service":"api-gateway","timestamp":"2025-05-05T13:11:30.702Z"}
{"level":"info","message":"Identity is running on PORT http://localhost:3001","service":"api-gateway","timestamp":"2025-05-05T13:11:30.707Z"}
{"level":"info","message":"Redis Url redis://localhost:6379","service":"api-gateway","timestamp":"2025-05-05T13:11:30.707Z"}
{"level":"info","message":"Recieved POST request to /v1/auth/register","service":"api-gateway","timestamp":"2025-05-05T13:11:33.053Z"}
{"level":"info","message":"Request Body [object Object]","service":"api-gateway","timestamp":"2025-05-05T13:11:33.053Z"}
{"level":"info","message":"Proxying request to: /api/auth/register","service":"api-gateway","timestamp":"2025-05-05T13:11:33.055Z"}
{"level":"info","message":"Response is recieved for identity service 400","service":"api-gateway","timestamp":"2025-05-05T13:11:33.246Z"}
{"level":"info","message":"Recieved GET request to /v1/auth/login","service":"api-gateway","timestamp":"2025-05-05T13:24:19.819Z"}
{"level":"info","message":"Request Body [object Object]","service":"api-gateway","timestamp":"2025-05-05T13:24:19.820Z"}
{"level":"info","message":"Proxying request to: /api/auth/login","service":"api-gateway","timestamp":"2025-05-05T13:24:19.821Z"}
{"level":"info","message":"Response is recieved for identity service 404","service":"api-gateway","timestamp":"2025-05-05T13:24:19.852Z"}
{"level":"info","message":"Recieved POST request to /v1/auth/login","service":"api-gateway","timestamp":"2025-05-05T13:24:25.884Z"}
{"level":"info","message":"Request Body [object Object]","service":"api-gateway","timestamp":"2025-05-05T13:24:25.885Z"}
{"level":"info","message":"Proxying request to: /api/auth/login","service":"api-gateway","timestamp":"2025-05-05T13:24:25.885Z"}
{"level":"info","message":"Response is recieved for identity service 200","service":"api-gateway","timestamp":"2025-05-05T13:24:26.270Z"}
{"level":"info","message":"Recieved POST request to /v1/auth/login","service":"api-gateway","timestamp":"2025-05-05T13:24:37.108Z"}
{"level":"info","message":"Request Body [object Object]","service":"api-gateway","timestamp":"2025-05-05T13:24:37.109Z"}
{"level":"info","message":"Proxying request to: /api/auth/login","service":"api-gateway","timestamp":"2025-05-05T13:24:37.109Z"}
{"level":"info","message":"Response is recieved for identity service 400","service":"api-gateway","timestamp":"2025-05-05T13:24:37.323Z"}
{"level":"info","message":"Recieved POST request to /v1/auth/login","service":"api-gateway","timestamp":"2025-05-05T13:24:40.157Z"}
{"level":"info","message":"Request Body [object Object]","service":"api-gateway","timestamp":"2025-05-05T13:24:40.157Z"}
{"level":"info","message":"Proxying request to: /api/auth/login","service":"api-gateway","timestamp":"2025-05-05T13:24:40.158Z"}
{"level":"info","message":"Response is recieved for identity service 200","service":"api-gateway","timestamp":"2025-05-05T13:24:40.498Z"}
{"level":"info","message":"API gateway is running on PORT 2000","service":"api-gateway","timestamp":"2025-05-05T15:07:51.242Z"}
{"level":"info","message":"Identity Service is running on PORT http://localhost:3001","service":"api-gateway","timestamp":"2025-05-05T15:07:51.247Z"}
{"level":"info","message":"Post Service is running on PORT http://localhost:3002","service":"api-gateway","timestamp":"2025-05-05T15:07:51.248Z"}
{"level":"info","message":"Redis Url redis://localhost:6379","service":"api-gateway","timestamp":"2025-05-05T15:07:51.249Z"}
{"level":"info","message":"Recieved POST request to /v1/posts/create-post","service":"api-gateway","timestamp":"2025-05-05T15:08:20.153Z"}
{"level":"info","message":"Request Body [object Object]","service":"api-gateway","timestamp":"2025-05-05T15:08:20.154Z"}
{"level":"warn","message":"Access attempt without valid token","service":"api-gateway","timestamp":"2025-05-05T15:08:20.155Z"}
{"level":"info","message":"Recieved POST request to /v1/auth/login","service":"api-gateway","timestamp":"2025-05-05T15:09:05.793Z"}
{"level":"info","message":"Request Body [object Object]","service":"api-gateway","timestamp":"2025-05-05T15:09:05.795Z"}
{"level":"info","message":"Proxying request to: /api/auth/login","service":"api-gateway","timestamp":"2025-05-05T15:09:05.800Z"}
{"level":"info","message":"Response is recieved for identity service 200","service":"api-gateway","timestamp":"2025-05-05T15:09:06.511Z"}
{"level":"info","message":"Recieved POST request to /v1/posts/create-post","service":"api-gateway","timestamp":"2025-05-05T15:09:24.747Z"}
{"level":"info","message":"Request Body [object Object]","service":"api-gateway","timestamp":"2025-05-05T15:09:24.748Z"}
{"level":"info","message":"Proxying request to: /api/posts/create-post","service":"api-gateway","timestamp":"2025-05-05T15:09:24.754Z"}
{"level":"info","message":"Response is recieved for Post service 500","service":"api-gateway","timestamp":"2025-05-05T15:09:24.857Z"}
{"level":"info","message":"Recieved POST request to /v1/posts/create-post","service":"api-gateway","timestamp":"2025-05-05T15:09:53.075Z"}
{"level":"info","message":"Request Body [object Object]","service":"api-gateway","timestamp":"2025-05-05T15:09:53.076Z"}
{"level":"info","message":"Proxying request to: /api/posts/create-post","service":"api-gateway","timestamp":"2025-05-05T15:09:53.081Z"}
{"level":"info","message":"Response is recieved for Post service 500","service":"api-gateway","timestamp":"2025-05-05T15:09:53.132Z"}
{"level":"info","message":"Recieved POST request to /v1/posts/create-post","service":"api-gateway","timestamp":"2025-05-05T15:11:31.490Z"}
{"level":"info","message":"Request Body [object Object]","service":"api-gateway","timestamp":"2025-05-05T15:11:31.491Z"}
{"level":"warn","message":"Invalid token","service":"api-gateway","timestamp":"2025-05-05T15:11:31.493Z"}
{"level":"info","message":"Recieved POST request to /v1/posts/create-post","service":"api-gateway","timestamp":"2025-05-05T15:11:51.760Z"}
{"level":"info","message":"Request Body [object Object]","service":"api-gateway","timestamp":"2025-05-05T15:11:51.761Z"}
{"level":"warn","message":"Invalid token","service":"api-gateway","timestamp":"2025-05-05T15:11:51.762Z"}
{"level":"info","message":"Recieved POST request to /v1/posts/create-post","service":"api-gateway","timestamp":"2025-05-05T15:11:57.924Z"}
{"level":"info","message":"Request Body [object Object]","service":"api-gateway","timestamp":"2025-05-05T15:11:57.924Z"}
{"level":"warn","message":"Invalid token","service":"api-gateway","timestamp":"2025-05-05T15:11:57.925Z"}
{"level":"info","message":"Recieved POST request to /v1/posts/create-post","service":"api-gateway","timestamp":"2025-05-05T15:13:03.112Z"}
{"level":"info","message":"Request Body [object Object]","service":"api-gateway","timestamp":"2025-05-05T15:13:03.112Z"}
{"level":"warn","message":"Invalid token","service":"api-gateway","timestamp":"2025-05-05T15:13:03.113Z"}
{"level":"info","message":"API gateway is running on PORT 2000","service":"api-gateway","timestamp":"2025-05-05T15:21:10.259Z"}
{"level":"info","message":"Identity Service is running on PORT http://localhost:3001","service":"api-gateway","timestamp":"2025-05-05T15:21:10.273Z"}
{"level":"info","message":"Post Service is running on PORT http://localhost:3002","service":"api-gateway","timestamp":"2025-05-05T15:21:10.275Z"}
{"level":"info","message":"Redis Url redis://localhost:6379","service":"api-gateway","timestamp":"2025-05-05T15:21:10.276Z"}
{"level":"info","message":"Recieved POST request to /v1/posts/create-post","service":"api-gateway","timestamp":"2025-05-05T15:21:37.656Z"}
{"level":"info","message":"Request Body [object Object]","service":"api-gateway","timestamp":"2025-05-05T15:21:37.657Z"}
{"level":"warn","message":"Invalid token","service":"api-gateway","timestamp":"2025-05-05T15:21:37.659Z"}
{"level":"info","message":"Recieved POST request to /v1/auth/login","service":"api-gateway","timestamp":"2025-05-05T15:23:18.774Z"}
{"level":"info","message":"Request Body [object Object]","service":"api-gateway","timestamp":"2025-05-05T15:23:18.776Z"}
{"level":"info","message":"Proxying request to: /api/auth/login","service":"api-gateway","timestamp":"2025-05-05T15:23:18.780Z"}
{"level":"info","message":"Response is recieved for identity service 200","service":"api-gateway","timestamp":"2025-05-05T15:23:19.220Z"}
{"level":"info","message":"Recieved POST request to /v1/posts/create-post","service":"api-gateway","timestamp":"2025-05-05T15:23:31.723Z"}
{"level":"info","message":"Request Body [object Object]","service":"api-gateway","timestamp":"2025-05-05T15:23:31.724Z"}
{"level":"warn","message":"Access attempt without valid token","service":"api-gateway","timestamp":"2025-05-05T15:23:31.725Z"}
{"level":"info","message":"Recieved POST request to /v1/posts/create-post","service":"api-gateway","timestamp":"2025-05-05T15:23:36.209Z"}
{"level":"info","message":"Request Body [object Object]","service":"api-gateway","timestamp":"2025-05-05T15:23:36.210Z"}
{"level":"info","message":"Proxying request to: /api/posts/create-post","service":"api-gateway","timestamp":"2025-05-05T15:23:36.219Z"}
{"level":"error","message":"Proxy Error: ","service":"api-gateway","timestamp":"2025-05-05T15:23:36.228Z"}
{"level":"info","message":"Recieved POST request to /v1/posts/create-post","service":"api-gateway","timestamp":"2025-05-05T15:27:29.910Z"}
{"level":"info","message":"Request Body [object Object]","service":"api-gateway","timestamp":"2025-05-05T15:27:29.911Z"}
{"level":"info","message":"Proxying request to: /api/posts/create-post","service":"api-gateway","timestamp":"2025-05-05T15:27:29.915Z"}
{"level":"error","message":"Proxy Error: ","service":"api-gateway","timestamp":"2025-05-05T15:27:29.921Z"}
{"level":"info","message":"Recieved POST request to /v1/posts/create-post","service":"api-gateway","timestamp":"2025-05-05T15:27:31.328Z"}
{"level":"info","message":"Request Body [object Object]","service":"api-gateway","timestamp":"2025-05-05T15:27:31.329Z"}
{"level":"info","message":"Proxying request to: /api/posts/create-post","service":"api-gateway","timestamp":"2025-05-05T15:27:31.334Z"}
{"level":"error","message":"Proxy Error: ","service":"api-gateway","timestamp":"2025-05-05T15:27:31.340Z"}
{"level":"info","message":"Recieved POST request to /v1/posts/create-post","service":"api-gateway","timestamp":"2025-05-05T15:27:32.096Z"}
{"level":"info","message":"Request Body [object Object]","service":"api-gateway","timestamp":"2025-05-05T15:27:32.097Z"}
{"level":"info","message":"Proxying request to: /api/posts/create-post","service":"api-gateway","timestamp":"2025-05-05T15:27:32.102Z"}
{"level":"error","message":"Proxy Error: ","service":"api-gateway","timestamp":"2025-05-05T15:27:32.105Z"}
{"level":"info","message":"Recieved POST request to /v1/posts/create-post","service":"api-gateway","timestamp":"2025-05-05T15:27:32.998Z"}
{"level":"info","message":"Request Body [object Object]","service":"api-gateway","timestamp":"2025-05-05T15:27:33.000Z"}
{"level":"info","message":"Proxying request to: /api/posts/create-post","service":"api-gateway","timestamp":"2025-05-05T15:27:33.005Z"}
{"level":"error","message":"Proxy Error: ","service":"api-gateway","timestamp":"2025-05-05T15:27:33.012Z"}
{"level":"info","message":"API gateway is running on PORT 2000","service":"api-gateway","timestamp":"2025-05-05T15:29:01.583Z"}
{"level":"info","message":"Identity Service is running on PORT http://localhost:3001","service":"api-gateway","timestamp":"2025-05-05T15:29:01.590Z"}
{"level":"info","message":"Post Service is running on PORT http://localhost:3002","service":"api-gateway","timestamp":"2025-05-05T15:29:01.593Z"}
{"level":"info","message":"Redis Url redis://localhost:6379","service":"api-gateway","timestamp":"2025-05-05T15:29:01.595Z"}
{"level":"info","message":"Recieved POST request to /v1/posts/create-post","service":"api-gateway","timestamp":"2025-05-05T15:29:03.577Z"}
{"level":"info","message":"Request Body [object Object]","service":"api-gateway","timestamp":"2025-05-05T15:29:03.577Z"}
{"level":"info","message":"Proxying request to: /api/posts/create-post","service":"api-gateway","timestamp":"2025-05-05T15:29:03.587Z"}
{"level":"error","message":"Proxy Error: ","service":"api-gateway","timestamp":"2025-05-05T15:29:03.607Z"}
{"level":"info","message":"API gateway is running on PORT 2000","service":"api-gateway","timestamp":"2025-05-05T15:29:49.780Z"}
{"level":"info","message":"Identity Service is running on PORT http://localhost:3001","service":"api-gateway","timestamp":"2025-05-05T15:29:49.786Z"}
{"level":"info","message":"Post Service is running on PORT http://localhost:3002","service":"api-gateway","timestamp":"2025-05-05T15:29:49.787Z"}
{"level":"info","message":"Redis Url redis://localhost:6379","service":"api-gateway","timestamp":"2025-05-05T15:29:49.787Z"}
{"level":"info","message":"Recieved POST request to /v1/posts/create-post","service":"api-gateway","timestamp":"2025-05-05T15:29:54.352Z"}
{"level":"info","message":"Request Body [object Object]","service":"api-gateway","timestamp":"2025-05-05T15:29:54.353Z"}
{"level":"info","message":"Proxying request to: /api/posts/create-post","service":"api-gateway","timestamp":"2025-05-05T15:29:54.359Z"}
{"level":"error","message":"Proxy Error: AggregateError","service":"api-gateway","timestamp":"2025-05-05T15:29:54.372Z"}
{"level":"info","message":"Recieved POST request to /v1/auth/login","service":"api-gateway","timestamp":"2025-05-05T15:31:32.110Z"}
{"level":"info","message":"Request Body [object Object]","service":"api-gateway","timestamp":"2025-05-05T15:31:32.111Z"}
{"level":"info","message":"Proxying request to: /api/auth/login","service":"api-gateway","timestamp":"2025-05-05T15:31:32.113Z"}
{"level":"info","message":"Response is recieved for identity service 200","service":"api-gateway","timestamp":"2025-05-05T15:31:32.505Z"}
{"level":"info","message":"Recieved POST request to /v1/posts/create-post","service":"api-gateway","timestamp":"2025-05-05T15:31:35.494Z"}
{"level":"info","message":"Request Body [object Object]","service":"api-gateway","timestamp":"2025-05-05T15:31:35.495Z"}
{"level":"info","message":"Proxying request to: /api/posts/create-post","service":"api-gateway","timestamp":"2025-05-05T15:31:35.500Z"}
{"level":"error","message":"Proxy Error: AggregateError","service":"api-gateway","timestamp":"2025-05-05T15:31:35.506Z"}
{"level":"info","message":"Recieved POST request to /v1/posts/create-pos","service":"api-gateway","timestamp":"2025-05-05T15:31:50.792Z"}
{"level":"info","message":"Request Body [object Object]","service":"api-gateway","timestamp":"2025-05-05T15:31:50.794Z"}
{"level":"info","message":"Proxying request to: /api/posts/create-pos","service":"api-gateway","timestamp":"2025-05-05T15:31:50.800Z"}
{"level":"error","message":"Proxy Error: AggregateError","service":"api-gateway","timestamp":"2025-05-05T15:31:50.811Z"}
{"level":"info","message":"Recieved POST request to /v1/posts/create-pos","service":"api-gateway","timestamp":"2025-05-05T15:31:52.981Z"}
{"level":"info","message":"Request Body [object Object]","service":"api-gateway","timestamp":"2025-05-05T15:31:52.981Z"}
{"level":"info","message":"Proxying request to: /api/posts/create-pos","service":"api-gateway","timestamp":"2025-05-05T15:31:52.985Z"}
{"level":"error","message":"Proxy Error: AggregateError","service":"api-gateway","timestamp":"2025-05-05T15:31:52.988Z"}
{"level":"info","message":"Recieved POST request to /v1/posts/create-post","service":"api-gateway","timestamp":"2025-05-05T15:31:55.577Z"}
{"level":"info","message":"Request Body [object Object]","service":"api-gateway","timestamp":"2025-05-05T15:31:55.578Z"}
{"level":"info","message":"Proxying request to: /api/posts/create-post","service":"api-gateway","timestamp":"2025-05-05T15:31:55.581Z"}
{"level":"error","message":"Proxy Error: AggregateError","service":"api-gateway","timestamp":"2025-05-05T15:31:55.584Z"}
{"level":"info","message":"Recieved POST request to /v1/posts/create-post","service":"api-gateway","timestamp":"2025-05-05T15:31:58.689Z"}
{"level":"info","message":"Request Body [object Object]","service":"api-gateway","timestamp":"2025-05-05T15:31:58.690Z"}
{"level":"info","message":"Proxying request to: /api/posts/create-post","service":"api-gateway","timestamp":"2025-05-05T15:31:58.694Z"}
{"level":"error","message":"Proxy Error: AggregateError","service":"api-gateway","timestamp":"2025-05-05T15:31:58.698Z"}
{"level":"info","message":"Recieved POST request to /v1/posts/create-post","service":"api-gateway","timestamp":"2025-05-05T15:32:43.534Z"}
{"level":"info","message":"Request Body [object Object]","service":"api-gateway","timestamp":"2025-05-05T15:32:43.534Z"}
{"level":"info","message":"Proxying request to: /api/posts/create-post","service":"api-gateway","timestamp":"2025-05-05T15:32:43.538Z"}
{"level":"error","message":"Proxy Error: AggregateError","service":"api-gateway","timestamp":"2025-05-05T15:32:43.543Z"}
{"level":"info","message":"API gateway is running on PORT 2000","service":"api-gateway","timestamp":"2025-05-05T15:33:51.779Z"}
{"level":"info","message":"Identity Service is running on PORT http://localhost:3001","service":"api-gateway","timestamp":"2025-05-05T15:33:51.786Z"}
{"level":"info","message":"Post Service is running on PORT http://localhost:3002","service":"api-gateway","timestamp":"2025-05-05T15:33:51.787Z"}
{"level":"info","message":"Redis Url redis://localhost:6379","service":"api-gateway","timestamp":"2025-05-05T15:33:51.788Z"}
{"level":"info","message":"Recieved POST request to /v1/posts/create-post","service":"api-gateway","timestamp":"2025-05-05T15:33:53.648Z"}
{"level":"info","message":"Request Body [object Object]","service":"api-gateway","timestamp":"2025-05-05T15:33:53.649Z"}
{"level":"info","message":"Proxying request to: /api/posts/create-post","service":"api-gateway","timestamp":"2025-05-05T15:33:53.659Z"}
{"level":"error","message":"Proxy Error: AggregateError","service":"api-gateway","timestamp":"2025-05-05T15:33:53.671Z"}
{"level":"info","message":"API gateway is running on PORT 2000","service":"api-gateway","timestamp":"2025-05-05T15:34:14.211Z"}
{"level":"info","message":"Identity Service is running on PORT http://localhost:3001","service":"api-gateway","timestamp":"2025-05-05T15:34:14.216Z"}
{"level":"info","message":"Post Service is running on PORT http://localhost:3001","service":"api-gateway","timestamp":"2025-05-05T15:34:14.217Z"}
{"level":"info","message":"Redis Url redis://localhost:6379","service":"api-gateway","timestamp":"2025-05-05T15:34:14.218Z"}
{"level":"info","message":"API gateway is running on PORT 2000","service":"api-gateway","timestamp":"2025-05-05T15:34:20.404Z"}
{"level":"info","message":"Identity Service is running on PORT http://localhost:3001","service":"api-gateway","timestamp":"2025-05-05T15:34:20.411Z"}
{"level":"info","message":"Post Service is running on PORT http://localhost:3002","service":"api-gateway","timestamp":"2025-05-05T15:34:20.412Z"}
{"level":"info","message":"Redis Url redis://localhost:6379","service":"api-gateway","timestamp":"2025-05-05T15:34:20.415Z"}
{"level":"info","message":"Recieved POST request to /v1/posts/create-post","service":"api-gateway","timestamp":"2025-05-05T15:34:22.787Z"}
{"level":"info","message":"Request Body [object Object]","service":"api-gateway","timestamp":"2025-05-05T15:34:22.788Z"}
{"level":"info","message":"Proxying request to: /api/posts/create-post","service":"api-gateway","timestamp":"2025-05-05T15:34:22.800Z"}
{"level":"error","message":"Proxy Error: ","service":"api-gateway","timestamp":"2025-05-05T15:34:22.818Z"}
{"level":"info","message":"API gateway is running on PORT 2000","service":"api-gateway","timestamp":"2025-05-05T15:36:16.671Z"}
{"level":"info","message":"Identity Service is running on PORT http://localhost:3001","service":"api-gateway","timestamp":"2025-05-05T15:36:16.678Z"}
{"level":"info","message":"Post Service is running on PORT http://localhost:3002","service":"api-gateway","timestamp":"2025-05-05T15:36:16.679Z"}
{"level":"info","message":"Redis Url redis://localhost:6379","service":"api-gateway","timestamp":"2025-05-05T15:36:16.680Z"}
{"level":"info","message":"API gateway is running on PORT 2000","service":"api-gateway","timestamp":"2025-05-05T15:36:51.825Z"}
{"level":"info","message":"Identity Service is running on PORT http://localhost:3001","service":"api-gateway","timestamp":"2025-05-05T15:36:51.832Z"}
{"level":"info","message":"Post Service is running on PORT http://localhost:3002","service":"api-gateway","timestamp":"2025-05-05T15:36:51.835Z"}
{"level":"info","message":"Redis Url redis://localhost:6379","service":"api-gateway","timestamp":"2025-05-05T15:36:51.836Z"}
{"level":"info","message":"Recieved POST request to /v1/posts/create-post","service":"api-gateway","timestamp":"2025-05-05T15:38:39.353Z"}
{"level":"info","message":"Request Body [object Object]","service":"api-gateway","timestamp":"2025-05-05T15:38:39.354Z"}
{"level":"info","message":"Proxying request to: /api/posts/create-post","service":"api-gateway","timestamp":"2025-05-05T15:38:39.369Z"}
{"level":"info","message":"Response is recieved for Post service 500","service":"api-gateway","timestamp":"2025-05-05T15:38:39.458Z"}
{"level":"info","message":"Recieved POST request to /v1/posts/create-post","service":"api-gateway","timestamp":"2025-05-05T15:39:15.689Z"}
{"level":"info","message":"Request Body [object Object]","service":"api-gateway","timestamp":"2025-05-05T15:39:15.690Z"}
{"level":"info","message":"Proxying request to: /api/posts/create-post","service":"api-gateway","timestamp":"2025-05-05T15:39:15.695Z"}
{"level":"info","message":"Response is recieved for Post service 500","service":"api-gateway","timestamp":"2025-05-05T15:39:15.797Z"}
{"level":"info","message":"Recieved POST request to /v1/posts/create-post","service":"api-gateway","timestamp":"2025-05-05T15:39:37.218Z"}
{"level":"info","message":"Request Body [object Object]","service":"api-gateway","timestamp":"2025-05-05T15:39:37.219Z"}
{"level":"info","message":"Proxying request to: /api/posts/create-post","service":"api-gateway","timestamp":"2025-05-05T15:39:37.222Z"}
{"level":"info","message":"Response is recieved for Post service 500","service":"api-gateway","timestamp":"2025-05-05T15:39:37.238Z"}
{"level":"info","message":"Recieved POST request to /v1/posts/create-post","service":"api-gateway","timestamp":"2025-05-05T15:43:16.239Z"}
{"level":"info","message":"Request Body [object Object]","service":"api-gateway","timestamp":"2025-05-05T15:43:16.241Z"}
{"level":"info","message":"Proxying request to: /api/posts/create-post","service":"api-gateway","timestamp":"2025-05-05T15:43:16.244Z"}
{"level":"info","message":"Response is recieved for Post service 201","service":"api-gateway","timestamp":"2025-05-05T15:43:16.551Z"}
{"level":"info","message":"Recieved POST request to /v1/posts/create-post","service":"api-gateway","timestamp":"2025-05-05T15:43:41.686Z"}
{"level":"info","message":"Request Body [object Object]","service":"api-gateway","timestamp":"2025-05-05T15:43:41.687Z"}
{"level":"info","message":"Proxying request to: /api/posts/create-post","service":"api-gateway","timestamp":"2025-05-05T15:43:41.691Z"}
{"level":"info","message":"Response is recieved for Post service 201","service":"api-gateway","timestamp":"2025-05-05T15:43:42.037Z"}
{"level":"info","message":"API gateway is running on PORT 2000","service":"api-gateway","timestamp":"2025-05-06T13:10:26.450Z"}
{"level":"info","message":"Identity Service is running on PORT http://localhost:3001","service":"api-gateway","timestamp":"2025-05-06T13:10:26.462Z"}
{"level":"info","message":"Post Service is running on PORT http://localhost:3002","service":"api-gateway","timestamp":"2025-05-06T13:10:26.464Z"}
{"level":"info","message":"Redis Url redis://localhost:6379","service":"api-gateway","timestamp":"2025-05-06T13:10:26.466Z"}
{"level":"info","message":"Recieved POST request to /v1/posts/create-post","service":"api-gateway","timestamp":"2025-05-06T13:12:28.005Z"}
{"level":"info","message":"Request Body [object Object]","service":"api-gateway","timestamp":"2025-05-06T13:12:28.006Z"}
{"level":"warn","message":"Invalid token","service":"api-gateway","timestamp":"2025-05-06T13:12:28.014Z"}
{"level":"info","message":"Recieved POST request to /v1/auth/login","service":"api-gateway","timestamp":"2025-05-06T13:12:55.779Z"}
{"level":"info","message":"Request Body [object Object]","service":"api-gateway","timestamp":"2025-05-06T13:12:55.780Z"}
{"level":"info","message":"Proxying request to: /api/auth/login","service":"api-gateway","timestamp":"2025-05-06T13:12:55.786Z"}
{"level":"info","message":"Response is recieved for identity service 200","service":"api-gateway","timestamp":"2025-05-06T13:12:56.371Z"}
{"level":"info","message":"Recieved POST request to /v1/posts/create-post","service":"api-gateway","timestamp":"2025-05-06T13:13:10.779Z"}
{"level":"info","message":"Request Body [object Object]","service":"api-gateway","timestamp":"2025-05-06T13:13:10.780Z"}
{"level":"info","message":"Proxying request to: /api/posts/create-post","service":"api-gateway","timestamp":"2025-05-06T13:13:10.785Z"}
{"level":"info","message":"Response is recieved for Post service 201","service":"api-gateway","timestamp":"2025-05-06T13:13:11.036Z"}
{"level":"info","message":"Recieved POST request to /v1/auth/register","service":"api-gateway","timestamp":"2025-05-06T13:20:47.305Z"}
{"level":"info","message":"Request Body [object Object]","service":"api-gateway","timestamp":"2025-05-06T13:20:47.306Z"}
{"level":"info","message":"Proxying request to: /api/auth/register","service":"api-gateway","timestamp":"2025-05-06T13:20:47.307Z"}
{"level":"info","message":"Response is recieved for identity service 201","service":"api-gateway","timestamp":"2025-05-06T13:20:48.019Z"}
{"level":"info","message":"Recieved POST request to /v1/auth/register","service":"api-gateway","timestamp":"2025-05-06T13:20:53.175Z"}
{"level":"info","message":"Request Body [object Object]","service":"api-gateway","timestamp":"2025-05-06T13:20:53.176Z"}
{"level":"info","message":"Proxying request to: /api/auth/register","service":"api-gateway","timestamp":"2025-05-06T13:20:53.177Z"}
{"level":"info","message":"Response is recieved for identity service 400","service":"api-gateway","timestamp":"2025-05-06T13:20:53.342Z"}
{"level":"info","message":"Recieved POST request to /v1/auth/login","service":"api-gateway","timestamp":"2025-05-06T13:21:22.322Z"}
{"level":"info","message":"Request Body [object Object]","service":"api-gateway","timestamp":"2025-05-06T13:21:22.322Z"}
{"level":"info","message":"Proxying request to: /api/auth/login","service":"api-gateway","timestamp":"2025-05-06T13:21:22.323Z"}
{"level":"info","message":"Response is recieved for identity service 200","service":"api-gateway","timestamp":"2025-05-06T13:21:22.690Z"}
{"level":"info","message":"Recieved POST request to /v1/auth/login","service":"api-gateway","timestamp":"2025-05-06T13:21:35.721Z"}
{"level":"info","message":"Request Body [object Object]","service":"api-gateway","timestamp":"2025-05-06T13:21:35.721Z"}
{"level":"info","message":"Proxying request to: /api/auth/login","service":"api-gateway","timestamp":"2025-05-06T13:21:35.722Z"}
{"level":"info","message":"Response is recieved for identity service 200","service":"api-gateway","timestamp":"2025-05-06T13:21:36.246Z"}
{"level":"info","message":"Recieved POST request to /v1/posts/create-post","service":"api-gateway","timestamp":"2025-05-06T13:21:58.091Z"}
{"level":"info","message":"Request Body [object Object]","service":"api-gateway","timestamp":"2025-05-06T13:21:58.091Z"}
{"level":"info","message":"Proxying request to: /api/posts/create-post","service":"api-gateway","timestamp":"2025-05-06T13:21:58.094Z"}
{"level":"info","message":"Response is recieved for Post service 201","service":"api-gateway","timestamp":"2025-05-06T13:21:58.228Z"}
{"level":"info","message":"Recieved POST request to /v1/posts/create-post","service":"api-gateway","timestamp":"2025-05-06T13:27:37.439Z"}
{"level":"info","message":"Request Body [object Object]","service":"api-gateway","timestamp":"2025-05-06T13:27:37.440Z"}
{"level":"info","message":"Proxying request to: /api/posts/create-post","service":"api-gateway","timestamp":"2025-05-06T13:27:37.444Z"}
{"level":"info","message":"Response is recieved for Post service 400","service":"api-gateway","timestamp":"2025-05-06T13:27:37.459Z"}
{"level":"info","message":"Recieved GET request to /v1/posts/all-posts","service":"api-gateway","timestamp":"2025-05-06T13:51:18.030Z"}
{"level":"info","message":"Request Body undefined","service":"api-gateway","timestamp":"2025-05-06T13:51:18.031Z"}
{"level":"warn","message":"Access attempt without valid token","service":"api-gateway","timestamp":"2025-05-06T13:51:18.031Z"}
{"level":"info","message":"Recieved GET request to /v1/posts/all-posts","service":"api-gateway","timestamp":"2025-05-06T13:51:39.804Z"}
{"level":"info","message":"Request Body undefined","service":"api-gateway","timestamp":"2025-05-06T13:51:39.805Z"}
{"level":"info","message":"Proxying request to: /api/posts/all-posts","service":"api-gateway","timestamp":"2025-05-06T13:51:39.810Z"}
{"level":"info","message":"Response is recieved for Post service 200","service":"api-gateway","timestamp":"2025-05-06T13:51:40.274Z"}
{"level":"info","message":"Recieved GET request to /v1/posts/all-posts","service":"api-gateway","timestamp":"2025-05-06T13:52:18.377Z"}
{"level":"info","message":"Request Body undefined","service":"api-gateway","timestamp":"2025-05-06T13:52:18.378Z"}
{"level":"info","message":"Proxying request to: /api/posts/all-posts","service":"api-gateway","timestamp":"2025-05-06T13:52:18.381Z"}
{"level":"info","message":"Response is recieved for Post service 200","service":"api-gateway","timestamp":"2025-05-06T13:52:18.395Z"}
{"level":"info","message":"Recieved GET request to /v1/posts/all-posts","service":"api-gateway","timestamp":"2025-05-06T13:52:20.132Z"}
{"level":"info","message":"Request Body undefined","service":"api-gateway","timestamp":"2025-05-06T13:52:20.133Z"}
{"level":"info","message":"Proxying request to: /api/posts/all-posts","service":"api-gateway","timestamp":"2025-05-06T13:52:20.136Z"}
{"level":"info","message":"Response is recieved for Post service 200","service":"api-gateway","timestamp":"2025-05-06T13:52:20.148Z"}
{"level":"info","message":"Recieved GET request to /v1/posts/all-posts","service":"api-gateway","timestamp":"2025-05-06T13:52:21.387Z"}
{"level":"info","message":"Request Body undefined","service":"api-gateway","timestamp":"2025-05-06T13:52:21.388Z"}
{"level":"info","message":"Proxying request to: /api/posts/all-posts","service":"api-gateway","timestamp":"2025-05-06T13:52:21.390Z"}
{"level":"info","message":"Response is recieved for Post service 200","service":"api-gateway","timestamp":"2025-05-06T13:52:21.400Z"}
{"level":"info","message":"Recieved GET request to /v1/posts/all-posts","service":"api-gateway","timestamp":"2025-05-06T13:52:22.434Z"}
{"level":"info","message":"Request Body undefined","service":"api-gateway","timestamp":"2025-05-06T13:52:22.434Z"}
{"level":"info","message":"Proxying request to: /api/posts/all-posts","service":"api-gateway","timestamp":"2025-05-06T13:52:22.438Z"}
{"level":"info","message":"Response is recieved for Post service 200","service":"api-gateway","timestamp":"2025-05-06T13:52:22.450Z"}
{"level":"info","message":"Recieved GET request to /v1/posts/all-posts","service":"api-gateway","timestamp":"2025-05-06T13:52:23.483Z"}
{"level":"info","message":"Request Body undefined","service":"api-gateway","timestamp":"2025-05-06T13:52:23.484Z"}
{"level":"info","message":"Proxying request to: /api/posts/all-posts","service":"api-gateway","timestamp":"2025-05-06T13:52:23.487Z"}
{"level":"info","message":"Response is recieved for Post service 200","service":"api-gateway","timestamp":"2025-05-06T13:52:23.501Z"}
{"level":"info","message":"Recieved GET request to /v1/posts/all-posts","service":"api-gateway","timestamp":"2025-05-06T13:52:24.193Z"}
{"level":"info","message":"Request Body undefined","service":"api-gateway","timestamp":"2025-05-06T13:52:24.194Z"}
{"level":"info","message":"Proxying request to: /api/posts/all-posts","service":"api-gateway","timestamp":"2025-05-06T13:52:24.196Z"}
{"level":"info","message":"Response is recieved for Post service 200","service":"api-gateway","timestamp":"2025-05-06T13:52:24.205Z"}
{"level":"info","message":"Recieved GET request to /v1/posts/all-posts","service":"api-gateway","timestamp":"2025-05-06T13:52:25.173Z"}
{"level":"info","message":"Request Body undefined","service":"api-gateway","timestamp":"2025-05-06T13:52:25.174Z"}
{"level":"info","message":"Proxying request to: /api/posts/all-posts","service":"api-gateway","timestamp":"2025-05-06T13:52:25.179Z"}
{"level":"info","message":"Response is recieved for Post service 200","service":"api-gateway","timestamp":"2025-05-06T13:52:25.191Z"}
{"level":"info","message":"Recieved GET request to /v1/posts/all-posts","service":"api-gateway","timestamp":"2025-05-06T13:52:26.456Z"}
{"level":"info","message":"Request Body undefined","service":"api-gateway","timestamp":"2025-05-06T13:52:26.457Z"}
{"level":"info","message":"Proxying request to: /api/posts/all-posts","service":"api-gateway","timestamp":"2025-05-06T13:52:26.462Z"}
{"level":"info","message":"Response is recieved for Post service 200","service":"api-gateway","timestamp":"2025-05-06T13:52:26.469Z"}
{"level":"info","message":"Recieved POST request to /v1/posts/create-post","service":"api-gateway","timestamp":"2025-05-06T13:58:07.609Z"}
{"level":"info","message":"Request Body [object Object]","service":"api-gateway","timestamp":"2025-05-06T13:58:07.609Z"}
{"level":"info","message":"Proxying request to: /api/posts/create-post","service":"api-gateway","timestamp":"2025-05-06T13:58:07.611Z"}
{"level":"info","message":"Response is recieved for Post service 201","service":"api-gateway","timestamp":"2025-05-06T13:58:07.827Z"}
{"level":"info","message":"Recieved GET request to /v1/posts/all-posts","service":"api-gateway","timestamp":"2025-05-06T13:58:13.666Z"}
{"level":"info","message":"Request Body undefined","service":"api-gateway","timestamp":"2025-05-06T13:58:13.667Z"}
{"level":"info","message":"Proxying request to: /api/posts/all-posts","service":"api-gateway","timestamp":"2025-05-06T13:58:13.670Z"}
{"level":"info","message":"Response is recieved for Post service 200","service":"api-gateway","timestamp":"2025-05-06T13:58:13.951Z"}
{"level":"info","message":"Recieved GET request to /v1/posts/all-posts","service":"api-gateway","timestamp":"2025-05-06T13:58:17.067Z"}
{"level":"info","message":"Request Body undefined","service":"api-gateway","timestamp":"2025-05-06T13:58:17.068Z"}
{"level":"info","message":"Proxying request to: /api/posts/all-posts","service":"api-gateway","timestamp":"2025-05-06T13:58:17.071Z"}
{"level":"info","message":"Response is recieved for Post service 200","service":"api-gateway","timestamp":"2025-05-06T13:58:17.084Z"}
{"level":"info","message":"Recieved GET request to /v1/posts/all-posts","service":"api-gateway","timestamp":"2025-05-06T13:58:18.317Z"}
{"level":"info","message":"Request Body undefined","service":"api-gateway","timestamp":"2025-05-06T13:58:18.317Z"}
{"level":"info","message":"Proxying request to: /api/posts/all-posts","service":"api-gateway","timestamp":"2025-05-06T13:58:18.321Z"}
{"level":"info","message":"Response is recieved for Post service 200","service":"api-gateway","timestamp":"2025-05-06T13:58:18.334Z"}
{"level":"info","message":"Recieved GET request to /v1/posts/all-posts","service":"api-gateway","timestamp":"2025-05-06T13:58:19.685Z"}
{"level":"info","message":"Request Body undefined","service":"api-gateway","timestamp":"2025-05-06T13:58:19.685Z"}
{"level":"info","message":"Proxying request to: /api/posts/all-posts","service":"api-gateway","timestamp":"2025-05-06T13:58:19.689Z"}
{"level":"info","message":"Response is recieved for Post service 200","service":"api-gateway","timestamp":"2025-05-06T13:58:19.700Z"}
{"level":"info","message":"Recieved GET request to /v1/posts/all-posts","service":"api-gateway","timestamp":"2025-05-06T13:58:20.738Z"}
{"level":"info","message":"Request Body undefined","service":"api-gateway","timestamp":"2025-05-06T13:58:20.739Z"}
{"level":"info","message":"Proxying request to: /api/posts/all-posts","service":"api-gateway","timestamp":"2025-05-06T13:58:20.742Z"}
{"level":"info","message":"Response is recieved for Post service 200","service":"api-gateway","timestamp":"2025-05-06T13:58:20.752Z"}
{"level":"info","message":"Recieved GET request to /v1/posts/all-posts","service":"api-gateway","timestamp":"2025-05-06T13:58:21.976Z"}
{"level":"info","message":"Request Body undefined","service":"api-gateway","timestamp":"2025-05-06T13:58:21.978Z"}
{"level":"info","message":"Proxying request to: /api/posts/all-posts","service":"api-gateway","timestamp":"2025-05-06T13:58:21.983Z"}
{"level":"info","message":"Response is recieved for Post service 200","service":"api-gateway","timestamp":"2025-05-06T13:58:21.995Z"}
{"level":"info","message":"Recieved POST request to /v1/posts/create-post","service":"api-gateway","timestamp":"2025-05-06T13:59:15.214Z"}
{"level":"info","message":"Request Body [object Object]","service":"api-gateway","timestamp":"2025-05-06T13:59:15.215Z"}
{"level":"info","message":"Proxying request to: /api/posts/create-post","service":"api-gateway","timestamp":"2025-05-06T13:59:15.216Z"}
{"level":"info","message":"Response is recieved for Post service 201","service":"api-gateway","timestamp":"2025-05-06T13:59:15.346Z"}
{"level":"info","message":"Recieved GET request to /v1/posts/all-posts","service":"api-gateway","timestamp":"2025-05-06T13:59:28.981Z"}
{"level":"info","message":"Request Body undefined","service":"api-gateway","timestamp":"2025-05-06T13:59:28.982Z"}
{"level":"info","message":"Proxying request to: /api/posts/all-posts","service":"api-gateway","timestamp":"2025-05-06T13:59:28.985Z"}
{"level":"info","message":"Response is recieved for Post service 200","service":"api-gateway","timestamp":"2025-05-06T13:59:29.332Z"}
{"level":"info","message":"Recieved GET request to /v1/posts/all-posts","service":"api-gateway","timestamp":"2025-05-06T13:59:37.473Z"}
{"level":"info","message":"Request Body undefined","service":"api-gateway","timestamp":"2025-05-06T13:59:37.474Z"}
{"level":"info","message":"Proxying request to: /api/posts/all-posts","service":"api-gateway","timestamp":"2025-05-06T13:59:37.477Z"}
{"level":"info","message":"Response is recieved for Post service 200","service":"api-gateway","timestamp":"2025-05-06T13:59:37.489Z"}
{"level":"info","message":"Recieved GET request to /v1/posts/all-posts","service":"api-gateway","timestamp":"2025-05-06T13:59:39.526Z"}
{"level":"info","message":"Request Body undefined","service":"api-gateway","timestamp":"2025-05-06T13:59:39.527Z"}
{"level":"info","message":"Proxying request to: /api/posts/all-posts","service":"api-gateway","timestamp":"2025-05-06T13:59:39.530Z"}
{"level":"info","message":"Response is recieved for Post service 200","service":"api-gateway","timestamp":"2025-05-06T13:59:39.541Z"}
{"level":"info","message":"Recieved GET request to /v1/posts/all-posts","service":"api-gateway","timestamp":"2025-05-06T13:59:41.054Z"}
{"level":"info","message":"Request Body undefined","service":"api-gateway","timestamp":"2025-05-06T13:59:41.055Z"}
{"level":"info","message":"Proxying request to: /api/posts/all-posts","service":"api-gateway","timestamp":"2025-05-06T13:59:41.058Z"}
{"level":"info","message":"Response is recieved for Post service 200","service":"api-gateway","timestamp":"2025-05-06T13:59:41.067Z"}
{"level":"info","message":"Recieved GET request to /v1/posts/all-posts","service":"api-gateway","timestamp":"2025-05-06T13:59:42.396Z"}
{"level":"info","message":"Request Body undefined","service":"api-gateway","timestamp":"2025-05-06T13:59:42.396Z"}
{"level":"info","message":"Proxying request to: /api/posts/all-posts","service":"api-gateway","timestamp":"2025-05-06T13:59:42.400Z"}
{"level":"info","message":"Response is recieved for Post service 200","service":"api-gateway","timestamp":"2025-05-06T13:59:42.411Z"}
{"level":"info","message":"Recieved GET request to /v1/posts/all-posts","service":"api-gateway","timestamp":"2025-05-06T13:59:46.336Z"}
{"level":"info","message":"Request Body undefined","service":"api-gateway","timestamp":"2025-05-06T13:59:46.336Z"}
{"level":"info","message":"Proxying request to: /api/posts/all-posts","service":"api-gateway","timestamp":"2025-05-06T13:59:46.340Z"}
{"level":"info","message":"Response is recieved for Post service 200","service":"api-gateway","timestamp":"2025-05-06T13:59:46.349Z"}
{"level":"info","message":"Recieved GET request to /v1/posts/all-posts","service":"api-gateway","timestamp":"2025-05-06T13:59:47.624Z"}
{"level":"info","message":"Request Body undefined","service":"api-gateway","timestamp":"2025-05-06T13:59:47.624Z"}
{"level":"info","message":"Proxying request to: /api/posts/all-posts","service":"api-gateway","timestamp":"2025-05-06T13:59:47.628Z"}
{"level":"info","message":"Response is recieved for Post service 200","service":"api-gateway","timestamp":"2025-05-06T13:59:47.640Z"}
{"level":"info","message":"Recieved GET request to /v1/posts/all-posts","service":"api-gateway","timestamp":"2025-05-06T13:59:48.972Z"}
{"level":"info","message":"Request Body undefined","service":"api-gateway","timestamp":"2025-05-06T13:59:48.972Z"}
{"level":"info","message":"Proxying request to: /api/posts/all-posts","service":"api-gateway","timestamp":"2025-05-06T13:59:48.975Z"}
{"level":"info","message":"Response is recieved for Post service 200","service":"api-gateway","timestamp":"2025-05-06T13:59:48.983Z"}
{"level":"info","message":"Recieved GET request to /v1/posts/all-posts","service":"api-gateway","timestamp":"2025-05-06T13:59:50.289Z"}
{"level":"info","message":"Request Body undefined","service":"api-gateway","timestamp":"2025-05-06T13:59:50.289Z"}
{"level":"info","message":"Proxying request to: /api/posts/all-posts","service":"api-gateway","timestamp":"2025-05-06T13:59:50.292Z"}
{"level":"info","message":"Response is recieved for Post service 200","service":"api-gateway","timestamp":"2025-05-06T13:59:50.297Z"}
{"level":"info","message":"Recieved GET request to /v1/posts/all-posts","service":"api-gateway","timestamp":"2025-05-06T13:59:52.245Z"}
{"level":"info","message":"Request Body undefined","service":"api-gateway","timestamp":"2025-05-06T13:59:52.245Z"}
{"level":"info","message":"Proxying request to: /api/posts/all-posts","service":"api-gateway","timestamp":"2025-05-06T13:59:52.247Z"}
{"level":"info","message":"Response is recieved for Post service 200","service":"api-gateway","timestamp":"2025-05-06T13:59:52.253Z"}
{"level":"info","message":"Recieved GET request to /v1/posts/all-posts","service":"api-gateway","timestamp":"2025-05-06T14:09:29.455Z"}
{"level":"info","message":"Request Body undefined","service":"api-gateway","timestamp":"2025-05-06T14:09:29.455Z"}
{"level":"info","message":"Proxying request to: /api/posts/all-posts","service":"api-gateway","timestamp":"2025-05-06T14:09:29.457Z"}
{"level":"info","message":"Response is recieved for Post service 200","service":"api-gateway","timestamp":"2025-05-06T14:09:29.805Z"}
{"level":"info","message":"Recieved GET request to /v1/posts/681a15b396646c04a7d0f666","service":"api-gateway","timestamp":"2025-05-06T14:09:42.980Z"}
{"level":"info","message":"Request Body undefined","service":"api-gateway","timestamp":"2025-05-06T14:09:42.980Z"}
{"level":"warn","message":"Access attempt without valid token","service":"api-gateway","timestamp":"2025-05-06T14:09:42.980Z"}
{"level":"info","message":"Recieved GET request to /v1/posts/681a15b396646c04a7d0f666","service":"api-gateway","timestamp":"2025-05-06T14:10:01.535Z"}
{"level":"info","message":"Request Body undefined","service":"api-gateway","timestamp":"2025-05-06T14:10:01.535Z"}
{"level":"info","message":"Proxying request to: /api/posts/681a15b396646c04a7d0f666","service":"api-gateway","timestamp":"2025-05-06T14:10:01.539Z"}
{"level":"error","message":"Proxy Error: read ECONNRESET","service":"api-gateway","timestamp":"2025-05-06T14:11:15.477Z"}
{"level":"info","message":"Recieved GET request to /v1/posts/681a15b396646c04a7d0f666","service":"api-gateway","timestamp":"2025-05-06T14:12:04.380Z"}
{"level":"info","message":"Request Body undefined","service":"api-gateway","timestamp":"2025-05-06T14:12:04.380Z"}
{"level":"info","message":"Proxying request to: /api/posts/681a15b396646c04a7d0f666","service":"api-gateway","timestamp":"2025-05-06T14:12:04.384Z"}
{"level":"error","message":"Proxy Error: read ECONNRESET","service":"api-gateway","timestamp":"2025-05-06T14:13:35.607Z"}
{"level":"info","message":"Recieved GET request to /v1/posts/681a15b396646c04a7d0f666","service":"api-gateway","timestamp":"2025-05-06T14:13:38.248Z"}
{"level":"info","message":"Request Body undefined","service":"api-gateway","timestamp":"2025-05-06T14:13:38.248Z"}
{"level":"info","message":"Proxying request to: /api/posts/681a15b396646c04a7d0f666","service":"api-gateway","timestamp":"2025-05-06T14:13:38.250Z"}
{"level":"error","message":"Proxy Error: read ECONNRESET","service":"api-gateway","timestamp":"2025-05-06T14:13:58.127Z"}
{"level":"info","message":"Recieved GET request to /v1/posts/681a15b396646c04a7d0f666","service":"api-gateway","timestamp":"2025-05-06T14:14:24.942Z"}
{"level":"info","message":"Request Body undefined","service":"api-gateway","timestamp":"2025-05-06T14:14:24.942Z"}
{"level":"info","message":"Proxying request to: /api/posts/681a15b396646c04a7d0f666","service":"api-gateway","timestamp":"2025-05-06T14:14:24.944Z"}
{"level":"info","message":"Response is recieved for Post service 200","service":"api-gateway","timestamp":"2025-05-06T14:14:24.989Z"}
{"level":"info","message":"Recieved GET request to /v1/posts/681a15b396646c04a7d0f666","service":"api-gateway","timestamp":"2025-05-06T14:14:27.323Z"}
{"level":"info","message":"Request Body undefined","service":"api-gateway","timestamp":"2025-05-06T14:14:27.324Z"}
{"level":"info","message":"Proxying request to: /api/posts/681a15b396646c04a7d0f666","service":"api-gateway","timestamp":"2025-05-06T14:14:27.332Z"}
{"level":"info","message":"Response is recieved for Post service 200","service":"api-gateway","timestamp":"2025-05-06T14:14:27.353Z"}
{"level":"info","message":"Recieved GET request to /v1/posts/681a15b396646c04a7d0f666","service":"api-gateway","timestamp":"2025-05-06T14:14:28.592Z"}
{"level":"info","message":"Request Body undefined","service":"api-gateway","timestamp":"2025-05-06T14:14:28.592Z"}
{"level":"info","message":"Proxying request to: /api/posts/681a15b396646c04a7d0f666","service":"api-gateway","timestamp":"2025-05-06T14:14:28.595Z"}
{"level":"info","message":"Response is recieved for Post service 200","service":"api-gateway","timestamp":"2025-05-06T14:14:28.608Z"}
{"level":"info","message":"Recieved GET request to /v1/posts/681a156f96646c04a7d0f662","service":"api-gateway","timestamp":"2025-05-06T14:14:41.136Z"}
{"level":"info","message":"Request Body undefined","service":"api-gateway","timestamp":"2025-05-06T14:14:41.137Z"}
{"level":"info","message":"Proxying request to: /api/posts/681a156f96646c04a7d0f662","service":"api-gateway","timestamp":"2025-05-06T14:14:41.141Z"}
{"level":"error","message":"Proxy Error: read ECONNRESET","service":"api-gateway","timestamp":"2025-05-06T14:15:45.367Z"}
{"level":"info","message":"Recieved GET request to /v1/posts/681a156f96646c04a7d0f662","service":"api-gateway","timestamp":"2025-05-06T14:16:22.642Z"}
{"level":"info","message":"Request Body undefined","service":"api-gateway","timestamp":"2025-05-06T14:16:22.643Z"}
{"level":"info","message":"Proxying request to: /api/posts/681a156f96646c04a7d0f662","service":"api-gateway","timestamp":"2025-05-06T14:16:22.649Z"}
{"level":"info","message":"Response is recieved for Post service 200","service":"api-gateway","timestamp":"2025-05-06T14:16:22.717Z"}
{"level":"info","message":"Recieved GET request to /v1/posts/681a15b396646c04a7d0f666","service":"api-gateway","timestamp":"2025-05-06T14:16:33.127Z"}
{"level":"info","message":"Request Body undefined","service":"api-gateway","timestamp":"2025-05-06T14:16:33.128Z"}
{"level":"info","message":"Proxying request to: /api/posts/681a15b396646c04a7d0f666","service":"api-gateway","timestamp":"2025-05-06T14:16:33.132Z"}
{"level":"info","message":"Response is recieved for Post service 200","service":"api-gateway","timestamp":"2025-05-06T14:16:33.146Z"}
{"level":"info","message":"Recieved GET request to /v1/posts/681a15b396646c04a7d0f666","service":"api-gateway","timestamp":"2025-05-06T14:16:35.370Z"}
{"level":"info","message":"Request Body undefined","service":"api-gateway","timestamp":"2025-05-06T14:16:35.371Z"}
{"level":"info","message":"Proxying request to: /api/posts/681a15b396646c04a7d0f666","service":"api-gateway","timestamp":"2025-05-06T14:16:35.373Z"}
{"level":"info","message":"Response is recieved for Post service 200","service":"api-gateway","timestamp":"2025-05-06T14:16:35.382Z"}
{"level":"info","message":"Recieved GET request to /v1/posts/681a15b396646c04a7d0f666","service":"api-gateway","timestamp":"2025-05-06T14:16:36.559Z"}
{"level":"info","message":"Request Body undefined","service":"api-gateway","timestamp":"2025-05-06T14:16:36.560Z"}
{"level":"info","message":"Proxying request to: /api/posts/681a15b396646c04a7d0f666","service":"api-gateway","timestamp":"2025-05-06T14:16:36.563Z"}
{"level":"info","message":"Response is recieved for Post service 200","service":"api-gateway","timestamp":"2025-05-06T14:16:36.578Z"}
{"level":"info","message":"Recieved GET request to /v1/posts/681a15b396646c04a7d0f666","service":"api-gateway","timestamp":"2025-05-06T14:16:37.896Z"}
{"level":"info","message":"Request Body undefined","service":"api-gateway","timestamp":"2025-05-06T14:16:37.897Z"}
{"level":"info","message":"Proxying request to: /api/posts/681a15b396646c04a7d0f666","service":"api-gateway","timestamp":"2025-05-06T14:16:37.901Z"}
{"level":"info","message":"Response is recieved for Post service 200","service":"api-gateway","timestamp":"2025-05-06T14:16:37.913Z"}
{"level":"info","message":"Recieved GET request to /v1/posts/681a15b396646c04a7d0f666","service":"api-gateway","timestamp":"2025-05-06T14:16:39.076Z"}
{"level":"info","message":"Request Body undefined","service":"api-gateway","timestamp":"2025-05-06T14:16:39.077Z"}
{"level":"info","message":"Proxying request to: /api/posts/681a15b396646c04a7d0f666","service":"api-gateway","timestamp":"2025-05-06T14:16:39.079Z"}
{"level":"info","message":"Response is recieved for Post service 200","service":"api-gateway","timestamp":"2025-05-06T14:16:39.088Z"}
{"level":"info","message":"Recieved GET request to /v1/posts/681a15b396646c04a7d0f666","service":"api-gateway","timestamp":"2025-05-06T14:16:40.188Z"}
{"level":"info","message":"Request Body undefined","service":"api-gateway","timestamp":"2025-05-06T14:16:40.190Z"}
{"level":"info","message":"Proxying request to: /api/posts/681a15b396646c04a7d0f666","service":"api-gateway","timestamp":"2025-05-06T14:16:40.194Z"}
{"level":"info","message":"Response is recieved for Post service 200","service":"api-gateway","timestamp":"2025-05-06T14:16:40.209Z"}
{"level":"info","message":"Recieved GET request to /v1/posts/681a15b396646c04a7d0f666","service":"api-gateway","timestamp":"2025-05-06T14:16:41.684Z"}
{"level":"info","message":"Request Body undefined","service":"api-gateway","timestamp":"2025-05-06T14:16:41.684Z"}
{"level":"info","message":"Proxying request to: /api/posts/681a15b396646c04a7d0f666","service":"api-gateway","timestamp":"2025-05-06T14:16:41.688Z"}
{"level":"info","message":"Response is recieved for Post service 200","service":"api-gateway","timestamp":"2025-05-06T14:16:41.697Z"}
{"level":"info","message":"Recieved GET request to /v1/posts/681a15b396646c04a7d0f666","service":"api-gateway","timestamp":"2025-05-06T14:16:43.123Z"}
{"level":"info","message":"Request Body undefined","service":"api-gateway","timestamp":"2025-05-06T14:16:43.124Z"}
{"level":"info","message":"Proxying request to: /api/posts/681a15b396646c04a7d0f666","service":"api-gateway","timestamp":"2025-05-06T14:16:43.127Z"}
{"level":"info","message":"Response is recieved for Post service 200","service":"api-gateway","timestamp":"2025-05-06T14:16:43.140Z"}
{"level":"info","message":"Recieved GET request to /v1/posts/681a15b396646c04a7d0f666","service":"api-gateway","timestamp":"2025-05-06T14:16:44.768Z"}
{"level":"info","message":"Request Body undefined","service":"api-gateway","timestamp":"2025-05-06T14:16:44.768Z"}
{"level":"info","message":"Proxying request to: /api/posts/681a15b396646c04a7d0f666","service":"api-gateway","timestamp":"2025-05-06T14:16:44.771Z"}
{"level":"info","message":"Response is recieved for Post service 200","service":"api-gateway","timestamp":"2025-05-06T14:16:44.784Z"}
{"level":"info","message":"Recieved GET request to /v1/posts/681a15b396646c04a7d0f666","service":"api-gateway","timestamp":"2025-05-06T14:16:46.493Z"}
{"level":"info","message":"Request Body undefined","service":"api-gateway","timestamp":"2025-05-06T14:16:46.494Z"}
{"level":"info","message":"Proxying request to: /api/posts/681a15b396646c04a7d0f666","service":"api-gateway","timestamp":"2025-05-06T14:16:46.498Z"}
{"level":"info","message":"Response is recieved for Post service 200","service":"api-gateway","timestamp":"2025-05-06T14:16:46.508Z"}
{"level":"info","message":"Recieved GET request to /v1/posts/681a15b396646c04a7d0f666","service":"api-gateway","timestamp":"2025-05-06T14:16:47.711Z"}
{"level":"info","message":"Request Body undefined","service":"api-gateway","timestamp":"2025-05-06T14:16:47.713Z"}
{"level":"info","message":"Proxying request to: /api/posts/681a15b396646c04a7d0f666","service":"api-gateway","timestamp":"2025-05-06T14:16:47.717Z"}
{"level":"info","message":"Response is recieved for Post service 200","service":"api-gateway","timestamp":"2025-05-06T14:16:47.736Z"}
{"level":"info","message":"Recieved GET request to /v1/posts/681a15b396646c04a7d0f666","service":"api-gateway","timestamp":"2025-05-06T14:16:48.944Z"}
{"level":"info","message":"Request Body undefined","service":"api-gateway","timestamp":"2025-05-06T14:16:48.945Z"}
{"level":"info","message":"Proxying request to: /api/posts/681a15b396646c04a7d0f666","service":"api-gateway","timestamp":"2025-05-06T14:16:48.949Z"}
{"level":"info","message":"Response is recieved for Post service 200","service":"api-gateway","timestamp":"2025-05-06T14:16:48.959Z"}
{"level":"info","message":"Recieved GET request to /v1/posts/681a15b396646c04a7d0f666","service":"api-gateway","timestamp":"2025-05-06T14:16:50.106Z"}
{"level":"info","message":"Request Body undefined","service":"api-gateway","timestamp":"2025-05-06T14:16:50.107Z"}
{"level":"info","message":"Proxying request to: /api/posts/681a15b396646c04a7d0f666","service":"api-gateway","timestamp":"2025-05-06T14:16:50.110Z"}
{"level":"info","message":"Response is recieved for Post service 200","service":"api-gateway","timestamp":"2025-05-06T14:16:50.120Z"}
{"level":"info","message":"Recieved GET request to /v1/posts/681a15b396646c04a7d0f666","service":"api-gateway","timestamp":"2025-05-06T14:16:51.405Z"}
{"level":"info","message":"Request Body undefined","service":"api-gateway","timestamp":"2025-05-06T14:16:51.405Z"}
{"level":"info","message":"Proxying request to: /api/posts/681a15b396646c04a7d0f666","service":"api-gateway","timestamp":"2025-05-06T14:16:51.409Z"}
{"level":"info","message":"Response is recieved for Post service 200","service":"api-gateway","timestamp":"2025-05-06T14:16:51.415Z"}
{"level":"info","message":"Recieved GET request to /v1/posts/681a15b396646c04a7d0f666","service":"api-gateway","timestamp":"2025-05-06T14:16:52.417Z"}
{"level":"info","message":"Request Body undefined","service":"api-gateway","timestamp":"2025-05-06T14:16:52.417Z"}
{"level":"info","message":"Proxying request to: /api/posts/681a15b396646c04a7d0f666","service":"api-gateway","timestamp":"2025-05-06T14:16:52.420Z"}
{"level":"info","message":"Response is recieved for Post service 200","service":"api-gateway","timestamp":"2025-05-06T14:16:52.433Z"}
{"level":"info","message":"Recieved DELETE request to /v1/posts/681a15b396646c04a7d0f666","service":"api-gateway","timestamp":"2025-05-06T14:28:05.163Z"}
{"level":"info","message":"Request Body undefined","service":"api-gateway","timestamp":"2025-05-06T14:28:05.163Z"}
{"level":"warn","message":"Access attempt without valid token","service":"api-gateway","timestamp":"2025-05-06T14:28:05.164Z"}
{"level":"info","message":"Recieved DELETE request to /v1/posts/681a15b396646c04a7d0f666","service":"api-gateway","timestamp":"2025-05-06T14:29:52.111Z"}
{"level":"info","message":"Request Body undefined","service":"api-gateway","timestamp":"2025-05-06T14:29:52.111Z"}
{"level":"warn","message":"Invalid token","service":"api-gateway","timestamp":"2025-05-06T14:29:52.112Z"}
{"level":"info","message":"Recieved DELETE request to /v1/posts/681a15b396646c04a7d0f666","service":"api-gateway","timestamp":"2025-05-06T14:30:00.045Z"}
{"level":"info","message":"Request Body undefined","service":"api-gateway","timestamp":"2025-05-06T14:30:00.045Z"}
{"level":"warn","message":"Invalid token","service":"api-gateway","timestamp":"2025-05-06T14:30:00.047Z"}
{"level":"info","message":"Recieved POST request to /v1/auth/login","service":"api-gateway","timestamp":"2025-05-06T14:30:02.935Z"}
{"level":"info","message":"Request Body [object Object]","service":"api-gateway","timestamp":"2025-05-06T14:30:02.935Z"}
{"level":"info","message":"Proxying request to: /api/auth/login","service":"api-gateway","timestamp":"2025-05-06T14:30:02.935Z"}
{"level":"info","message":"Response is recieved for identity service 200","service":"api-gateway","timestamp":"2025-05-06T14:30:03.281Z"}
{"level":"info","message":"Recieved DELETE request to /v1/posts/681a15b396646c04a7d0f666","service":"api-gateway","timestamp":"2025-05-06T14:30:12.253Z"}
{"level":"info","message":"Request Body undefined","service":"api-gateway","timestamp":"2025-05-06T14:30:12.254Z"}
{"level":"info","message":"Proxying request to: /api/posts/681a15b396646c04a7d0f666","service":"api-gateway","timestamp":"2025-05-06T14:30:12.255Z"}
{"level":"info","message":"Response is recieved for Post service 404","service":"api-gateway","timestamp":"2025-05-06T14:30:12.396Z"}
{"level":"info","message":"Recieved GET request to /v1/posts/all-posts","service":"api-gateway","timestamp":"2025-05-06T14:30:17.445Z"}
{"level":"info","message":"Request Body undefined","service":"api-gateway","timestamp":"2025-05-06T14:30:17.446Z"}
{"level":"warn","message":"Invalid token","service":"api-gateway","timestamp":"2025-05-06T14:30:17.448Z"}
{"level":"info","message":"Recieved GET request to /v1/posts/all-posts","service":"api-gateway","timestamp":"2025-05-06T14:30:24.086Z"}
{"level":"info","message":"Request Body undefined","service":"api-gateway","timestamp":"2025-05-06T14:30:24.087Z"}
{"level":"info","message":"Proxying request to: /api/posts/all-posts","service":"api-gateway","timestamp":"2025-05-06T14:30:24.088Z"}
{"level":"info","message":"Response is recieved for Post service 200","service":"api-gateway","timestamp":"2025-05-06T14:30:24.329Z"}
{"level":"info","message":"Recieved DELETE request to /v1/posts/681a156f96646c04a7d0f662","service":"api-gateway","timestamp":"2025-05-06T14:30:30.497Z"}
{"level":"info","message":"Request Body undefined","service":"api-gateway","timestamp":"2025-05-06T14:30:30.498Z"}
{"level":"info","message":"Proxying request to: /api/posts/681a156f96646c04a7d0f662","service":"api-gateway","timestamp":"2025-05-06T14:30:30.500Z"}
{"level":"info","message":"Response is recieved for Post service 404","service":"api-gateway","timestamp":"2025-05-06T14:30:30.614Z"}
{"level":"info","message":"Recieved DELETE request to /v1/posts/681a0cf6da0cb46184046ea7","service":"api-gateway","timestamp":"2025-05-06T14:32:43.970Z"}
{"level":"info","message":"Request Body undefined","service":"api-gateway","timestamp":"2025-05-06T14:32:43.971Z"}
{"level":"info","message":"Proxying request to: /api/posts/681a0cf6da0cb46184046ea7","service":"api-gateway","timestamp":"2025-05-06T14:32:43.973Z"}
{"level":"info","message":"Response is recieved for Post service 404","service":"api-gateway","timestamp":"2025-05-06T14:32:44.097Z"}
{"level":"info","message":"Recieved GET request to /v1/posts/all-posts","service":"api-gateway","timestamp":"2025-05-06T14:33:16.503Z"}
{"level":"info","message":"Request Body undefined","service":"api-gateway","timestamp":"2025-05-06T14:33:16.504Z"}
{"level":"info","message":"Proxying request to: /api/posts/all-posts","service":"api-gateway","timestamp":"2025-05-06T14:33:16.506Z"}
{"level":"info","message":"Response is recieved for Post service 200","service":"api-gateway","timestamp":"2025-05-06T14:33:16.512Z"}
{"level":"info","message":"Recieved GET request to /v1/posts/all-posts","service":"api-gateway","timestamp":"2025-05-06T14:33:19.049Z"}
{"level":"info","message":"Request Body undefined","service":"api-gateway","timestamp":"2025-05-06T14:33:19.049Z"}
{"level":"info","message":"Proxying request to: /api/posts/all-posts","service":"api-gateway","timestamp":"2025-05-06T14:33:19.051Z"}
{"level":"info","message":"Response is recieved for Post service 200","service":"api-gateway","timestamp":"2025-05-06T14:33:19.060Z"}
{"level":"info","message":"Recieved GET request to /v1/posts/all-posts","service":"api-gateway","timestamp":"2025-05-06T14:33:19.976Z"}
{"level":"info","message":"Request Body undefined","service":"api-gateway","timestamp":"2025-05-06T14:33:19.976Z"}
{"level":"info","message":"Proxying request to: /api/posts/all-posts","service":"api-gateway","timestamp":"2025-05-06T14:33:19.978Z"}
{"level":"info","message":"Response is recieved for Post service 200","service":"api-gateway","timestamp":"2025-05-06T14:33:19.985Z"}
{"level":"info","message":"Recieved GET request to /v1/posts/all-posts","service":"api-gateway","timestamp":"2025-05-06T14:33:29.131Z"}
{"level":"info","message":"Request Body undefined","service":"api-gateway","timestamp":"2025-05-06T14:33:29.131Z"}
{"level":"info","message":"Proxying request to: /api/posts/all-posts","service":"api-gateway","timestamp":"2025-05-06T14:33:29.133Z"}
{"level":"info","message":"Response is recieved for Post service 200","service":"api-gateway","timestamp":"2025-05-06T14:33:29.139Z"}
{"level":"info","message":"Recieved GET request to /v1/posts/all-posts","service":"api-gateway","timestamp":"2025-05-06T14:33:30.017Z"}
{"level":"info","message":"Request Body undefined","service":"api-gateway","timestamp":"2025-05-06T14:33:30.017Z"}
{"level":"info","message":"Proxying request to: /api/posts/all-posts","service":"api-gateway","timestamp":"2025-05-06T14:33:30.019Z"}
{"level":"info","message":"Response is recieved for Post service 200","service":"api-gateway","timestamp":"2025-05-06T14:33:30.028Z"}
{"level":"info","message":"Recieved GET request to /v1/posts/all-posts","service":"api-gateway","timestamp":"2025-05-06T14:33:30.986Z"}
{"level":"info","message":"Request Body undefined","service":"api-gateway","timestamp":"2025-05-06T14:33:30.987Z"}
{"level":"info","message":"Proxying request to: /api/posts/all-posts","service":"api-gateway","timestamp":"2025-05-06T14:33:30.990Z"}
{"level":"info","message":"Response is recieved for Post service 200","service":"api-gateway","timestamp":"2025-05-06T14:33:30.996Z"}
{"level":"info","message":"Recieved GET request to /v1/posts/all-posts","service":"api-gateway","timestamp":"2025-05-06T14:33:31.899Z"}
{"level":"info","message":"Request Body undefined","service":"api-gateway","timestamp":"2025-05-06T14:33:31.899Z"}
{"level":"info","message":"Proxying request to: /api/posts/all-posts","service":"api-gateway","timestamp":"2025-05-06T14:33:31.900Z"}
{"level":"info","message":"Response is recieved for Post service 200","service":"api-gateway","timestamp":"2025-05-06T14:33:31.907Z"}
{"level":"info","message":"Recieved GET request to /v1/posts/681a15b396646c04a7d0f666","service":"api-gateway","timestamp":"2025-05-06T14:33:36.517Z"}
{"level":"info","message":"Request Body undefined","service":"api-gateway","timestamp":"2025-05-06T14:33:36.517Z"}
{"level":"warn","message":"Invalid token","service":"api-gateway","timestamp":"2025-05-06T14:33:36.519Z"}
{"level":"info","message":"Recieved GET request to /v1/posts/all-posts","service":"api-gateway","timestamp":"2025-05-06T14:33:39.311Z"}
{"level":"info","message":"Request Body undefined","service":"api-gateway","timestamp":"2025-05-06T14:33:39.312Z"}
{"level":"info","message":"Proxying request to: /api/posts/all-posts","service":"api-gateway","timestamp":"2025-05-06T14:33:39.314Z"}
{"level":"info","message":"Response is recieved for Post service 200","service":"api-gateway","timestamp":"2025-05-06T14:33:39.321Z"}
{"level":"info","message":"Recieved GET request to /v1/posts/all-posts","service":"api-gateway","timestamp":"2025-05-06T14:33:40.173Z"}
{"level":"info","message":"Request Body undefined","service":"api-gateway","timestamp":"2025-05-06T14:33:40.173Z"}
{"level":"info","message":"Proxying request to: /api/posts/all-posts","service":"api-gateway","timestamp":"2025-05-06T14:33:40.175Z"}
{"level":"info","message":"Response is recieved for Post service 200","service":"api-gateway","timestamp":"2025-05-06T14:33:40.180Z"}
{"level":"info","message":"Recieved GET request to /v1/posts/all-posts","service":"api-gateway","timestamp":"2025-05-06T14:33:40.881Z"}
{"level":"info","message":"Request Body undefined","service":"api-gateway","timestamp":"2025-05-06T14:33:40.881Z"}
{"level":"info","message":"Proxying request to: /api/posts/all-posts","service":"api-gateway","timestamp":"2025-05-06T14:33:40.883Z"}
{"level":"info","message":"Response is recieved for Post service 200","service":"api-gateway","timestamp":"2025-05-06T14:33:40.888Z"}
{"level":"info","message":"Recieved GET request to /v1/posts/all-posts","service":"api-gateway","timestamp":"2025-05-06T14:33:41.505Z"}
{"level":"info","message":"Request Body undefined","service":"api-gateway","timestamp":"2025-05-06T14:33:41.506Z"}
{"level":"info","message":"Proxying request to: /api/posts/all-posts","service":"api-gateway","timestamp":"2025-05-06T14:33:41.507Z"}
{"level":"info","message":"Response is recieved for Post service 200","service":"api-gateway","timestamp":"2025-05-06T14:33:41.513Z"}
{"level":"info","message":"Recieved GET request to /v1/posts/all-posts","service":"api-gateway","timestamp":"2025-05-06T14:33:43.163Z"}
{"level":"info","message":"Request Body undefined","service":"api-gateway","timestamp":"2025-05-06T14:33:43.163Z"}
{"level":"info","message":"Proxying request to: /api/posts/all-posts","service":"api-gateway","timestamp":"2025-05-06T14:33:43.165Z"}
{"level":"info","message":"Response is recieved for Post service 200","service":"api-gateway","timestamp":"2025-05-06T14:33:43.171Z"}
{"level":"info","message":"Recieved DELETE request to /v1/posts/681a0cf6da0cb46184046ea7","service":"api-gateway","timestamp":"2025-05-06T14:33:44.886Z"}
{"level":"info","message":"Request Body undefined","service":"api-gateway","timestamp":"2025-05-06T14:33:44.887Z"}
{"level":"info","message":"Proxying request to: /api/posts/681a0cf6da0cb46184046ea7","service":"api-gateway","timestamp":"2025-05-06T14:33:44.888Z"}
{"level":"info","message":"Response is recieved for Post service 404","service":"api-gateway","timestamp":"2025-05-06T14:33:45.003Z"}
{"level":"info","message":"Recieved GET request to /v1/posts/all-posts","service":"api-gateway","timestamp":"2025-05-06T14:34:08.890Z"}
{"level":"info","message":"Request Body undefined","service":"api-gateway","timestamp":"2025-05-06T14:34:08.891Z"}
{"level":"info","message":"Proxying request to: /api/posts/all-posts","service":"api-gateway","timestamp":"2025-05-06T14:34:08.892Z"}
{"level":"info","message":"Response is recieved for Post service 200","service":"api-gateway","timestamp":"2025-05-06T14:34:08.897Z"}
{"level":"info","message":"Recieved GET request to /v1/posts/all-posts","service":"api-gateway","timestamp":"2025-05-06T14:36:11.430Z"}
{"level":"info","message":"Request Body undefined","service":"api-gateway","timestamp":"2025-05-06T14:36:11.431Z"}
{"level":"info","message":"Proxying request to: /api/posts/all-posts","service":"api-gateway","timestamp":"2025-05-06T14:36:11.433Z"}
{"level":"info","message":"Response is recieved for Post service 200","service":"api-gateway","timestamp":"2025-05-06T14:36:12.951Z"}
{"level":"info","message":"Recieved POST request to /v1/posts/create-post","service":"api-gateway","timestamp":"2025-05-06T14:36:21.178Z"}
{"level":"info","message":"Request Body [object Object]","service":"api-gateway","timestamp":"2025-05-06T14:36:21.179Z"}
{"level":"warn","message":"Invalid token","service":"api-gateway","timestamp":"2025-05-06T14:36:21.180Z"}
{"level":"info","message":"Recieved POST request to /v1/auth/login","service":"api-gateway","timestamp":"2025-05-06T14:36:27.112Z"}
{"level":"info","message":"Request Body [object Object]","service":"api-gateway","timestamp":"2025-05-06T14:36:27.112Z"}
{"level":"info","message":"Proxying request to: /api/auth/login","service":"api-gateway","timestamp":"2025-05-06T14:36:27.113Z"}
{"level":"info","message":"Response is recieved for identity service 200","service":"api-gateway","timestamp":"2025-05-06T14:36:27.484Z"}
{"level":"info","message":"Recieved POST request to /v1/posts/create-post","service":"api-gateway","timestamp":"2025-05-06T14:36:40.344Z"}
{"level":"info","message":"Request Body [object Object]","service":"api-gateway","timestamp":"2025-05-06T14:36:40.344Z"}
{"level":"info","message":"Proxying request to: /api/posts/create-post","service":"api-gateway","timestamp":"2025-05-06T14:36:40.345Z"}
{"level":"info","message":"Response is recieved for Post service 201","service":"api-gateway","timestamp":"2025-05-06T14:36:40.487Z"}
{"level":"info","message":"Recieved GET request to /v1/posts/all-posts","service":"api-gateway","timestamp":"2025-05-06T14:36:45.211Z"}
{"level":"info","message":"Request Body undefined","service":"api-gateway","timestamp":"2025-05-06T14:36:45.211Z"}
{"level":"info","message":"Proxying request to: /api/posts/all-posts","service":"api-gateway","timestamp":"2025-05-06T14:36:45.213Z"}
{"level":"info","message":"Response is recieved for Post service 200","service":"api-gateway","timestamp":"2025-05-06T14:36:45.450Z"}
{"level":"info","message":"Recieved GET request to /v1/posts/all-posts","service":"api-gateway","timestamp":"2025-05-06T14:36:47.501Z"}
{"level":"info","message":"Request Body undefined","service":"api-gateway","timestamp":"2025-05-06T14:36:47.501Z"}
{"level":"info","message":"Proxying request to: /api/posts/all-posts","service":"api-gateway","timestamp":"2025-05-06T14:36:47.503Z"}
{"level":"info","message":"Response is recieved for Post service 200","service":"api-gateway","timestamp":"2025-05-06T14:36:47.511Z"}
{"level":"info","message":"Recieved GET request to /v1/posts/all-posts","service":"api-gateway","timestamp":"2025-05-06T14:36:48.692Z"}
{"level":"info","message":"Request Body undefined","service":"api-gateway","timestamp":"2025-05-06T14:36:48.692Z"}
{"level":"info","message":"Proxying request to: /api/posts/all-posts","service":"api-gateway","timestamp":"2025-05-06T14:36:48.695Z"}
{"level":"info","message":"Response is recieved for Post service 200","service":"api-gateway","timestamp":"2025-05-06T14:36:48.702Z"}
{"level":"info","message":"Recieved GET request to /v1/posts/all-posts","service":"api-gateway","timestamp":"2025-05-06T14:36:49.636Z"}
{"level":"info","message":"Request Body undefined","service":"api-gateway","timestamp":"2025-05-06T14:36:49.636Z"}
{"level":"info","message":"Proxying request to: /api/posts/all-posts","service":"api-gateway","timestamp":"2025-05-06T14:36:49.638Z"}
{"level":"info","message":"Response is recieved for Post service 200","service":"api-gateway","timestamp":"2025-05-06T14:36:49.646Z"}
{"level":"info","message":"Recieved POST request to /v1/posts/create-post","service":"api-gateway","timestamp":"2025-05-06T14:36:58.480Z"}
{"level":"info","message":"Request Body [object Object]","service":"api-gateway","timestamp":"2025-05-06T14:36:58.481Z"}
{"level":"info","message":"Proxying request to: /api/posts/create-post","service":"api-gateway","timestamp":"2025-05-06T14:36:58.485Z"}
{"level":"info","message":"Response is recieved for Post service 201","service":"api-gateway","timestamp":"2025-05-06T14:36:58.622Z"}
{"level":"info","message":"Recieved POST request to /v1/posts/create-post","service":"api-gateway","timestamp":"2025-05-06T14:37:01.793Z"}
{"level":"info","message":"Request Body [object Object]","service":"api-gateway","timestamp":"2025-05-06T14:37:01.793Z"}
{"level":"info","message":"Proxying request to: /api/posts/create-post","service":"api-gateway","timestamp":"2025-05-06T14:37:01.794Z"}
{"level":"info","message":"Response is recieved for Post service 201","service":"api-gateway","timestamp":"2025-05-06T14:37:01.919Z"}
{"level":"info","message":"Recieved GET request to /v1/posts/all-posts","service":"api-gateway","timestamp":"2025-05-06T14:37:05.291Z"}
{"level":"info","message":"Request Body undefined","service":"api-gateway","timestamp":"2025-05-06T14:37:05.291Z"}
{"level":"info","message":"Proxying request to: /api/posts/all-posts","service":"api-gateway","timestamp":"2025-05-06T14:37:05.293Z"}
{"level":"info","message":"Response is recieved for Post service 200","service":"api-gateway","timestamp":"2025-05-06T14:37:05.531Z"}
{"level":"info","message":"Recieved GET request to /v1/posts/681a1e8d3587ee5e091e21fa","service":"api-gateway","timestamp":"2025-05-06T14:37:11.283Z"}
{"level":"info","message":"Request Body undefined","service":"api-gateway","timestamp":"2025-05-06T14:37:11.283Z"}
{"level":"warn","message":"Invalid token","service":"api-gateway","timestamp":"2025-05-06T14:37:11.284Z"}
{"level":"info","message":"Recieved GET request to /v1/posts/681a1e8d3587ee5e091e21fa","service":"api-gateway","timestamp":"2025-05-06T14:37:22.844Z"}
{"level":"info","message":"Request Body undefined","service":"api-gateway","timestamp":"2025-05-06T14:37:22.844Z"}
{"level":"info","message":"Proxying request to: /api/posts/681a1e8d3587ee5e091e21fa","service":"api-gateway","timestamp":"2025-05-06T14:37:22.846Z"}
{"level":"info","message":"Response is recieved for Post service 200","service":"api-gateway","timestamp":"2025-05-06T14:37:22.967Z"}
{"level":"info","message":"Recieved DELETE request to /v1/posts/681a1e8d3587ee5e091e21fa","service":"api-gateway","timestamp":"2025-05-06T14:37:36.394Z"}
{"level":"info","message":"Request Body undefined","service":"api-gateway","timestamp":"2025-05-06T14:37:36.395Z"}
{"level":"info","message":"Proxying request to: /api/posts/681a1e8d3587ee5e091e21fa","service":"api-gateway","timestamp":"2025-05-06T14:37:36.396Z"}
{"level":"info","message":"Response is recieved for Post service 200","service":"api-gateway","timestamp":"2025-05-06T14:37:36.515Z"}
{"level":"info","message":"Recieved GET request to /v1/posts/all-posts","service":"api-gateway","timestamp":"2025-05-06T14:37:40.833Z"}
{"level":"info","message":"Request Body undefined","service":"api-gateway","timestamp":"2025-05-06T14:37:40.833Z"}
{"level":"info","message":"Proxying request to: /api/posts/all-posts","service":"api-gateway","timestamp":"2025-05-06T14:37:40.836Z"}
{"level":"info","message":"Response is recieved for Post service 200","service":"api-gateway","timestamp":"2025-05-06T14:37:41.078Z"}
