{"level":"error","message":"Proxy Error: ","service":"api-gateway","timestamp":"2025-05-05T15:23:36.228Z"}
{"level":"error","message":"Proxy Error: ","service":"api-gateway","timestamp":"2025-05-05T15:27:29.921Z"}
{"level":"error","message":"Proxy Error: ","service":"api-gateway","timestamp":"2025-05-05T15:27:31.340Z"}
{"level":"error","message":"Proxy Error: ","service":"api-gateway","timestamp":"2025-05-05T15:27:32.105Z"}
{"level":"error","message":"Proxy Error: ","service":"api-gateway","timestamp":"2025-05-05T15:27:33.012Z"}
{"level":"error","message":"Proxy Error: ","service":"api-gateway","timestamp":"2025-05-05T15:29:03.607Z"}
{"level":"error","message":"Proxy Error: AggregateError","service":"api-gateway","timestamp":"2025-05-05T15:29:54.372Z"}
{"level":"error","message":"Proxy Error: AggregateError","service":"api-gateway","timestamp":"2025-05-05T15:31:35.506Z"}
{"level":"error","message":"Proxy Error: AggregateError","service":"api-gateway","timestamp":"2025-05-05T15:31:50.811Z"}
{"level":"error","message":"Proxy Error: AggregateError","service":"api-gateway","timestamp":"2025-05-05T15:31:52.988Z"}
{"level":"error","message":"Proxy Error: AggregateError","service":"api-gateway","timestamp":"2025-05-05T15:31:55.584Z"}
{"level":"error","message":"Proxy Error: AggregateError","service":"api-gateway","timestamp":"2025-05-05T15:31:58.698Z"}
{"level":"error","message":"Proxy Error: AggregateError","service":"api-gateway","timestamp":"2025-05-05T15:32:43.543Z"}
{"level":"error","message":"Proxy Error: AggregateError","service":"api-gateway","timestamp":"2025-05-05T15:33:53.671Z"}
{"level":"error","message":"Proxy Error: ","service":"api-gateway","timestamp":"2025-05-05T15:34:22.818Z"}
{"level":"error","message":"Proxy Error: read ECONNRESET","service":"api-gateway","timestamp":"2025-05-06T14:11:15.477Z"}
{"level":"error","message":"Proxy Error: read ECONNRESET","service":"api-gateway","timestamp":"2025-05-06T14:13:35.607Z"}
{"level":"error","message":"Proxy Error: read ECONNRESET","service":"api-gateway","timestamp":"2025-05-06T14:13:58.127Z"}
{"level":"error","message":"Proxy Error: read ECONNRESET","service":"api-gateway","timestamp":"2025-05-06T14:15:45.367Z"}
{"level":"error","message":"Proxy Error: Cannot read properties of undefined (reading 'startWith')","service":"api-gateway","timestamp":"2025-05-06T17:40:53.194Z"}
{"level":"error","message":"Proxy Error: Cannot read properties of undefined (reading 'startsWith')","service":"api-gateway","timestamp":"2025-05-06T17:41:26.223Z"}
{"level":"error","message":"Proxy Error: Cannot read properties of undefined (reading 'startsWith')","service":"api-gateway","timestamp":"2025-05-06T17:42:36.761Z"}
{"level":"error","message":"Proxy Error: Cannot read properties of undefined (reading 'startsWith')","service":"api-gateway","timestamp":"2025-05-06T17:45:08.980Z"}
{"level":"error","message":"Proxy Error: Cannot read properties of undefined (reading 'startsWith')","service":"api-gateway","timestamp":"2025-05-06T17:45:56.128Z"}
{"level":"error","message":"Proxy Error: ","service":"api-gateway","timestamp":"2025-05-06T17:47:25.952Z"}
{"level":"error","message":"Proxy Error: ","service":"api-gateway","timestamp":"2025-05-06T17:48:28.129Z"}
{"level":"error","message":"Proxy Error: AggregateError","service":"api-gateway","timestamp":"2025-05-06T17:49:14.414Z"}
{"level":"error","message":"Proxy Error: AggregateError","service":"api-gateway","timestamp":"2025-05-06T17:50:28.063Z"}
{"level":"error","message":"Proxy Error: AggregateError","service":"api-gateway","timestamp":"2025-05-06T17:50:31.987Z"}
{"level":"error","message":"Proxy Error: AggregateError","service":"api-gateway","timestamp":"2025-05-06T17:51:47.634Z"}
{"level":"error","message":"Proxy Error: AggregateError","service":"api-gateway","timestamp":"2025-05-06T17:53:07.822Z"}
{"level":"error","message":"Proxy Error: AggregateError","service":"api-gateway","timestamp":"2025-05-06T17:53:11.937Z"}
{"level":"error","message":"Proxy Error: AggregateError","service":"api-gateway","timestamp":"2025-05-06T17:59:42.565Z"}
{"level":"error","message":"Proxy Error: AggregateError","service":"api-gateway","timestamp":"2025-05-06T18:02:12.132Z"}
{"level":"error","message":"Proxy Error: AggregateError","service":"api-gateway","timestamp":"2025-05-07T12:54:03.691Z"}
{"level":"error","message":"Proxy Error: AggregateError","service":"api-gateway","timestamp":"2025-05-07T12:55:08.665Z"}
{"level":"error","message":"Proxy Error: AggregateError","service":"api-gateway","timestamp":"2025-05-07T12:56:10.267Z"}
{"level":"error","message":"Proxy Error: AggregateError","service":"api-gateway","timestamp":"2025-05-07T12:56:30.264Z"}
{"level":"error","message":"Proxy Error: AggregateError","service":"api-gateway","timestamp":"2025-05-07T12:57:23.764Z"}
{"level":"error","message":"Proxy Error: ","service":"api-gateway","timestamp":"2025-05-07T12:57:45.420Z"}
{"level":"error","message":"Proxy Error: ","service":"api-gateway","timestamp":"2025-05-07T12:57:50.236Z"}
{"level":"error","message":"Proxy Error: ","service":"api-gateway","timestamp":"2025-05-07T12:58:27.387Z"}
{"level":"error","message":"Proxy Error: ","service":"api-gateway","timestamp":"2025-05-07T12:58:29.307Z"}
{"level":"error","message":"Proxy Error: ","service":"api-gateway","timestamp":"2025-05-07T12:58:30.252Z"}
{"level":"error","message":"Proxy Error: ","service":"api-gateway","timestamp":"2025-05-07T13:00:26.302Z"}
{"level":"error","message":"Proxy Error: ","service":"api-gateway","timestamp":"2025-05-08T14:11:26.993Z"}
{"level":"error","message":"Proxy Error: ","service":"api-gateway","timestamp":"2025-05-12T09:37:42.670Z"}
{"level":"error","message":"Proxy Error: ","service":"api-gateway","timestamp":"2025-05-12T09:39:00.921Z"}
{"level":"error","message":"Proxy Error: ","service":"api-gateway","timestamp":"2025-05-12T09:39:34.705Z"}
{"level":"error","message":"Proxy Error: ","service":"api-gateway","timestamp":"2025-05-12T09:39:43.698Z"}
{"level":"error","message":"Proxy Error: ","service":"api-gateway","timestamp":"2025-05-12T09:40:21.107Z"}
{"level":"error","message":"Proxy Error: ","service":"api-gateway","timestamp":"2025-05-12T09:41:43.791Z"}
{"level":"error","message":"Proxy Error: AggregateError","service":"api-gateway","timestamp":"2025-05-12T09:44:09.172Z"}
{"level":"error","message":"Proxy Error: ","service":"api-gateway","timestamp":"2025-05-12T09:44:52.126Z"}
{"level":"error","message":"Proxy Error: ","service":"api-gateway","timestamp":"2025-05-12T09:46:47.207Z"}
