{"level":"info","message":"Indentity service is running on PORT 3001","service":"identity-service","timestamp":"2025-05-02T12:30:07.702Z"}
{"level":"info","message":"connected to Database","service":"identity-service","timestamp":"2025-05-02T12:30:09.415Z"}
{"level":"info","message":"Indentity service is running on PORT 3001","service":"identity-service","timestamp":"2025-05-02T12:30:18.526Z"}
{"level":"info","message":"connected to Database","service":"identity-service","timestamp":"2025-05-02T12:30:19.873Z"}
{"level":"info","message":"Recieved GET request to /","service":"identity-service","timestamp":"2025-05-02T12:34:27.468Z"}
{"level":"info","message":"Request Body undefined","service":"identity-service","timestamp":"2025-05-02T12:34:27.470Z"}
{"level":"info","message":"Recieved GET request to /favicon.ico","service":"identity-service","timestamp":"2025-05-02T12:34:28.259Z"}
{"level":"info","message":"Request Body undefined","service":"identity-service","timestamp":"2025-05-02T12:34:28.259Z"}
{"level":"info","message":"Recieved POST request to /api/auth/register","service":"identity-service","timestamp":"2025-05-02T12:35:24.232Z"}
{"level":"info","message":"Request Body undefined","service":"identity-service","timestamp":"2025-05-02T12:35:24.232Z"}
{"level":"info","message":"Indentity service is running on PORT 3001","service":"identity-service","timestamp":"2025-05-02T12:36:57.337Z"}
{"level":"info","message":"connected to Database","service":"identity-service","timestamp":"2025-05-02T12:36:58.875Z"}
{"level":"info","message":"Recieved POST request to /api/auth/register","service":"identity-service","timestamp":"2025-05-02T12:37:01.578Z"}
{"level":"info","message":"Request Body undefined","service":"identity-service","timestamp":"2025-05-02T12:37:01.579Z"}
{"level":"error","message":"TypeError: logger.info is not a function\n    at registerUser (C:\\Users\\dell\\Desktop\\MicroServices\\Social-Media-App\\identity-service\\src\\controller\\identity-controller.js:11:10)\n    at Layer.handleRequest (C:\\Users\\dell\\Desktop\\MicroServices\\Social-Media-App\\identity-service\\node_modules\\router\\lib\\layer.js:152:17)\n    at next (C:\\Users\\dell\\Desktop\\MicroServices\\Social-Media-App\\identity-service\\node_modules\\router\\lib\\route.js:157:13)\n    at Route.dispatch (C:\\Users\\dell\\Desktop\\MicroServices\\Social-Media-App\\identity-service\\node_modules\\router\\lib\\route.js:117:3)\n    at handle (C:\\Users\\dell\\Desktop\\MicroServices\\Social-Media-App\\identity-service\\node_modules\\router\\index.js:435:11)\n    at Layer.handleRequest (C:\\Users\\dell\\Desktop\\MicroServices\\Social-Media-App\\identity-service\\node_modules\\router\\lib\\layer.js:152:17)\n    at C:\\Users\\dell\\Desktop\\MicroServices\\Social-Media-App\\identity-service\\node_modules\\router\\index.js:295:15\n    at processParams (C:\\Users\\dell\\Desktop\\MicroServices\\Social-Media-App\\identity-service\\node_modules\\router\\index.js:582:12)\n    at next (C:\\Users\\dell\\Desktop\\MicroServices\\Social-Media-App\\identity-service\\node_modules\\router\\index.js:291:5)\n    at Function.handle (C:\\Users\\dell\\Desktop\\MicroServices\\Social-Media-App\\identity-service\\node_modules\\router\\index.js:186:3)","service":"identity-service","timestamp":"2025-05-02T12:37:01.592Z"}
{"level":"info","message":"Indentity service is running on PORT 3001","service":"identity-service","timestamp":"2025-05-02T12:37:29.764Z"}
{"level":"info","message":"connected to Database","service":"identity-service","timestamp":"2025-05-02T12:37:31.068Z"}
{"level":"info","message":"Recieved POST request to /api/auth/register","service":"identity-service","timestamp":"2025-05-02T12:37:31.729Z"}
{"level":"info","message":"Request Body undefined","service":"identity-service","timestamp":"2025-05-02T12:37:31.731Z"}
{"level":"info","message":"Registration Endpoint.......👌","service":"identity-service","timestamp":"2025-05-02T12:37:31.744Z"}
{"level":"error","message":"Error Occure during registration Cannot destructure property 'email' of 'req.body' as it is undefined.","service":"identity-service","stack":"TypeError: Cannot destructure property 'email' of 'req.body' as it is undefined.\n    at registerUser (C:\\Users\\dell\\Desktop\\MicroServices\\Social-Media-App\\identity-service\\src\\controller\\identity-controller.js:21:13)\n    at Layer.handleRequest (C:\\Users\\dell\\Desktop\\MicroServices\\Social-Media-App\\identity-service\\node_modules\\router\\lib\\layer.js:152:17)\n    at next (C:\\Users\\dell\\Desktop\\MicroServices\\Social-Media-App\\identity-service\\node_modules\\router\\lib\\route.js:157:13)\n    at Route.dispatch (C:\\Users\\dell\\Desktop\\MicroServices\\Social-Media-App\\identity-service\\node_modules\\router\\lib\\route.js:117:3)\n    at handle (C:\\Users\\dell\\Desktop\\MicroServices\\Social-Media-App\\identity-service\\node_modules\\router\\index.js:435:11)\n    at Layer.handleRequest (C:\\Users\\dell\\Desktop\\MicroServices\\Social-Media-App\\identity-service\\node_modules\\router\\lib\\layer.js:152:17)\n    at C:\\Users\\dell\\Desktop\\MicroServices\\Social-Media-App\\identity-service\\node_modules\\router\\index.js:295:15\n    at processParams (C:\\Users\\dell\\Desktop\\MicroServices\\Social-Media-App\\identity-service\\node_modules\\router\\index.js:582:12)\n    at next (C:\\Users\\dell\\Desktop\\MicroServices\\Social-Media-App\\identity-service\\node_modules\\router\\index.js:291:5)\n    at Function.handle (C:\\Users\\dell\\Desktop\\MicroServices\\Social-Media-App\\identity-service\\node_modules\\router\\index.js:186:3)","timestamp":"2025-05-02T12:37:31.755Z"}
{"level":"error","message":"Error [ERR_HTTP_HEADERS_SENT]: Cannot set headers after they are sent to the client\n    at ServerResponse.setHeader (node:_http_outgoing:659:11)\n    at ServerResponse.header (C:\\Users\\dell\\Desktop\\MicroServices\\Social-Media-App\\identity-service\\node_modules\\express\\lib\\response.js:684:10)\n    at ServerResponse.send (C:\\Users\\dell\\Desktop\\MicroServices\\Social-Media-App\\identity-service\\node_modules\\express\\lib\\response.js:161:12)\n    at ServerResponse.json (C:\\Users\\dell\\Desktop\\MicroServices\\Social-Media-App\\identity-service\\node_modules\\express\\lib\\response.js:250:15)\n    at registerUser (C:\\Users\\dell\\Desktop\\MicroServices\\Social-Media-App\\identity-service\\src\\controller\\identity-controller.js:43:21)\n    at Layer.handleRequest (C:\\Users\\dell\\Desktop\\MicroServices\\Social-Media-App\\identity-service\\node_modules\\router\\lib\\layer.js:152:17)\n    at next (C:\\Users\\dell\\Desktop\\MicroServices\\Social-Media-App\\identity-service\\node_modules\\router\\lib\\route.js:157:13)\n    at Route.dispatch (C:\\Users\\dell\\Desktop\\MicroServices\\Social-Media-App\\identity-service\\node_modules\\router\\lib\\route.js:117:3)\n    at handle (C:\\Users\\dell\\Desktop\\MicroServices\\Social-Media-App\\identity-service\\node_modules\\router\\index.js:435:11)\n    at Layer.handleRequest (C:\\Users\\dell\\Desktop\\MicroServices\\Social-Media-App\\identity-service\\node_modules\\router\\lib\\layer.js:152:17)","service":"identity-service","timestamp":"2025-05-02T12:37:31.757Z"}
{"level":"info","message":"Indentity service is running on PORT 3001","service":"identity-service","timestamp":"2025-05-02T12:38:56.177Z"}
{"level":"info","message":"connected to Database","service":"identity-service","timestamp":"2025-05-02T12:38:57.825Z"}
{"level":"info","message":"Recieved POST request to /api/auth/register","service":"identity-service","timestamp":"2025-05-02T12:39:02.962Z"}
{"level":"info","message":"Request Body undefined","service":"identity-service","timestamp":"2025-05-02T12:39:02.963Z"}
{"level":"info","message":"Registration Endpoint.......👌","service":"identity-service","timestamp":"2025-05-02T12:39:02.972Z"}
{"level":"error","message":"Error Occure during registration Cannot destructure property 'email' of 'req.body' as it is undefined.","service":"identity-service","stack":"TypeError: Cannot destructure property 'email' of 'req.body' as it is undefined.\n    at registerUser (C:\\Users\\dell\\Desktop\\MicroServices\\Social-Media-App\\identity-service\\src\\controller\\identity-controller.js:21:13)\n    at Layer.handleRequest (C:\\Users\\dell\\Desktop\\MicroServices\\Social-Media-App\\identity-service\\node_modules\\router\\lib\\layer.js:152:17)\n    at next (C:\\Users\\dell\\Desktop\\MicroServices\\Social-Media-App\\identity-service\\node_modules\\router\\lib\\route.js:157:13)\n    at Route.dispatch (C:\\Users\\dell\\Desktop\\MicroServices\\Social-Media-App\\identity-service\\node_modules\\router\\lib\\route.js:117:3)\n    at handle (C:\\Users\\dell\\Desktop\\MicroServices\\Social-Media-App\\identity-service\\node_modules\\router\\index.js:435:11)\n    at Layer.handleRequest (C:\\Users\\dell\\Desktop\\MicroServices\\Social-Media-App\\identity-service\\node_modules\\router\\lib\\layer.js:152:17)\n    at C:\\Users\\dell\\Desktop\\MicroServices\\Social-Media-App\\identity-service\\node_modules\\router\\index.js:295:15\n    at processParams (C:\\Users\\dell\\Desktop\\MicroServices\\Social-Media-App\\identity-service\\node_modules\\router\\index.js:582:12)\n    at next (C:\\Users\\dell\\Desktop\\MicroServices\\Social-Media-App\\identity-service\\node_modules\\router\\index.js:291:5)\n    at Function.handle (C:\\Users\\dell\\Desktop\\MicroServices\\Social-Media-App\\identity-service\\node_modules\\router\\index.js:186:3)","timestamp":"2025-05-02T12:39:02.979Z"}
{"level":"error","message":"Error [ERR_HTTP_HEADERS_SENT]: Cannot set headers after they are sent to the client\n    at ServerResponse.setHeader (node:_http_outgoing:659:11)\n    at ServerResponse.header (C:\\Users\\dell\\Desktop\\MicroServices\\Social-Media-App\\identity-service\\node_modules\\express\\lib\\response.js:684:10)\n    at ServerResponse.send (C:\\Users\\dell\\Desktop\\MicroServices\\Social-Media-App\\identity-service\\node_modules\\express\\lib\\response.js:161:12)\n    at ServerResponse.json (C:\\Users\\dell\\Desktop\\MicroServices\\Social-Media-App\\identity-service\\node_modules\\express\\lib\\response.js:250:15)\n    at registerUser (C:\\Users\\dell\\Desktop\\MicroServices\\Social-Media-App\\identity-service\\src\\controller\\identity-controller.js:43:21)\n    at Layer.handleRequest (C:\\Users\\dell\\Desktop\\MicroServices\\Social-Media-App\\identity-service\\node_modules\\router\\lib\\layer.js:152:17)\n    at next (C:\\Users\\dell\\Desktop\\MicroServices\\Social-Media-App\\identity-service\\node_modules\\router\\lib\\route.js:157:13)\n    at Route.dispatch (C:\\Users\\dell\\Desktop\\MicroServices\\Social-Media-App\\identity-service\\node_modules\\router\\lib\\route.js:117:3)\n    at handle (C:\\Users\\dell\\Desktop\\MicroServices\\Social-Media-App\\identity-service\\node_modules\\router\\index.js:435:11)\n    at Layer.handleRequest (C:\\Users\\dell\\Desktop\\MicroServices\\Social-Media-App\\identity-service\\node_modules\\router\\lib\\layer.js:152:17)","service":"identity-service","timestamp":"2025-05-02T12:39:02.982Z"}
{"level":"info","message":"Recieved POST request to /api/auth/register","service":"identity-service","timestamp":"2025-05-02T12:39:44.751Z"}
{"level":"info","message":"Request Body [object Object]","service":"identity-service","timestamp":"2025-05-02T12:39:44.752Z"}
{"level":"info","message":"Registration Endpoint.......👌","service":"identity-service","timestamp":"2025-05-02T12:39:44.756Z"}
{"0":"\"","1":"p","10":" ","11":"l","12":"e","13":"n","14":"g","15":"t","16":"h","17":" ","18":"m","19":"u","2":"a","20":"s","21":"t","22":" ","23":"b","24":"e","25":" ","26":"a","27":"t","28":" ","29":"l","3":"s","30":"e","31":"a","32":"s","33":"t","34":" ","35":"6","36":" ","37":"c","38":"h","39":"a","4":"s","40":"r","41":"a","42":"c","43":"t","44":"e","45":"r","46":"s","47":" ","48":"l","49":"o","5":"w","50":"n","51":"g","6":"o","7":"r","8":"d","9":"\"","level":"warn","message":"Validation Error","service":"identity-service","timestamp":"2025-05-02T12:39:44.761Z"}
{"code":"ERR_HTTP_HEADERS_SENT","level":"error","message":"Error Occure during registration Cannot set headers after they are sent to the client","service":"identity-service","stack":"Error [ERR_HTTP_HEADERS_SENT]: Cannot set headers after they are sent to the client\n    at ServerResponse.setHeader (node:_http_outgoing:659:11)\n    at ServerResponse.header (C:\\Users\\dell\\Desktop\\MicroServices\\Social-Media-App\\identity-service\\node_modules\\express\\lib\\response.js:684:10)\n    at ServerResponse.send (C:\\Users\\dell\\Desktop\\MicroServices\\Social-Media-App\\identity-service\\node_modules\\express\\lib\\response.js:161:12)\n    at ServerResponse.json (C:\\Users\\dell\\Desktop\\MicroServices\\Social-Media-App\\identity-service\\node_modules\\express\\lib\\response.js:250:15)\n    at registerUser (C:\\Users\\dell\\Desktop\\MicroServices\\Social-Media-App\\identity-service\\src\\controller\\identity-controller.js:16:30)\n    at Layer.handleRequest (C:\\Users\\dell\\Desktop\\MicroServices\\Social-Media-App\\identity-service\\node_modules\\router\\lib\\layer.js:152:17)\n    at next (C:\\Users\\dell\\Desktop\\MicroServices\\Social-Media-App\\identity-service\\node_modules\\router\\lib\\route.js:157:13)\n    at Route.dispatch (C:\\Users\\dell\\Desktop\\MicroServices\\Social-Media-App\\identity-service\\node_modules\\router\\lib\\route.js:117:3)\n    at handle (C:\\Users\\dell\\Desktop\\MicroServices\\Social-Media-App\\identity-service\\node_modules\\router\\index.js:435:11)\n    at Layer.handleRequest (C:\\Users\\dell\\Desktop\\MicroServices\\Social-Media-App\\identity-service\\node_modules\\router\\lib\\layer.js:152:17)","timestamp":"2025-05-02T12:39:44.762Z"}
{"level":"error","message":"Error [ERR_HTTP_HEADERS_SENT]: Cannot set headers after they are sent to the client\n    at ServerResponse.setHeader (node:_http_outgoing:659:11)\n    at ServerResponse.header (C:\\Users\\dell\\Desktop\\MicroServices\\Social-Media-App\\identity-service\\node_modules\\express\\lib\\response.js:684:10)\n    at ServerResponse.send (C:\\Users\\dell\\Desktop\\MicroServices\\Social-Media-App\\identity-service\\node_modules\\express\\lib\\response.js:161:12)\n    at ServerResponse.json (C:\\Users\\dell\\Desktop\\MicroServices\\Social-Media-App\\identity-service\\node_modules\\express\\lib\\response.js:250:15)\n    at registerUser (C:\\Users\\dell\\Desktop\\MicroServices\\Social-Media-App\\identity-service\\src\\controller\\identity-controller.js:43:21)\n    at Layer.handleRequest (C:\\Users\\dell\\Desktop\\MicroServices\\Social-Media-App\\identity-service\\node_modules\\router\\lib\\layer.js:152:17)\n    at next (C:\\Users\\dell\\Desktop\\MicroServices\\Social-Media-App\\identity-service\\node_modules\\router\\lib\\route.js:157:13)\n    at Route.dispatch (C:\\Users\\dell\\Desktop\\MicroServices\\Social-Media-App\\identity-service\\node_modules\\router\\lib\\route.js:117:3)\n    at handle (C:\\Users\\dell\\Desktop\\MicroServices\\Social-Media-App\\identity-service\\node_modules\\router\\index.js:435:11)\n    at Layer.handleRequest (C:\\Users\\dell\\Desktop\\MicroServices\\Social-Media-App\\identity-service\\node_modules\\router\\lib\\layer.js:152:17)","service":"identity-service","timestamp":"2025-05-02T12:39:44.763Z"}
{"level":"info","message":"Indentity service is running on PORT 3001","service":"identity-service","timestamp":"2025-05-02T12:41:09.581Z"}
{"level":"info","message":"connected to Database","service":"identity-service","timestamp":"2025-05-02T12:41:11.119Z"}
{"level":"info","message":"Recieved POST request to /api/auth/register","service":"identity-service","timestamp":"2025-05-02T12:41:15.204Z"}
{"level":"info","message":"Request Body [object Object]","service":"identity-service","timestamp":"2025-05-02T12:41:15.204Z"}
{"level":"info","message":"Registration Endpoint.......👌","service":"identity-service","timestamp":"2025-05-02T12:41:15.210Z"}
{"0":"\"","1":"p","10":" ","11":"l","12":"e","13":"n","14":"g","15":"t","16":"h","17":" ","18":"m","19":"u","2":"a","20":"s","21":"t","22":" ","23":"b","24":"e","25":" ","26":"a","27":"t","28":" ","29":"l","3":"s","30":"e","31":"a","32":"s","33":"t","34":" ","35":"6","36":" ","37":"c","38":"h","39":"a","4":"s","40":"r","41":"a","42":"c","43":"t","44":"e","45":"r","46":"s","47":" ","48":"l","49":"o","5":"w","50":"n","51":"g","6":"o","7":"r","8":"d","9":"\"","level":"warn","message":"Validation Error","service":"identity-service","timestamp":"2025-05-02T12:41:15.220Z"}
{"code":"ERR_HTTP_HEADERS_SENT","level":"error","message":"Error Occure during registration Cannot set headers after they are sent to the client","service":"identity-service","stack":"Error [ERR_HTTP_HEADERS_SENT]: Cannot set headers after they are sent to the client\n    at ServerResponse.setHeader (node:_http_outgoing:659:11)\n    at ServerResponse.header (C:\\Users\\dell\\Desktop\\MicroServices\\Social-Media-App\\identity-service\\node_modules\\express\\lib\\response.js:684:10)\n    at ServerResponse.send (C:\\Users\\dell\\Desktop\\MicroServices\\Social-Media-App\\identity-service\\node_modules\\express\\lib\\response.js:161:12)\n    at ServerResponse.json (C:\\Users\\dell\\Desktop\\MicroServices\\Social-Media-App\\identity-service\\node_modules\\express\\lib\\response.js:250:15)\n    at registerUser (C:\\Users\\dell\\Desktop\\MicroServices\\Social-Media-App\\identity-service\\src\\controller\\identity-controller.js:16:30)\n    at Layer.handleRequest (C:\\Users\\dell\\Desktop\\MicroServices\\Social-Media-App\\identity-service\\node_modules\\router\\lib\\layer.js:152:17)\n    at next (C:\\Users\\dell\\Desktop\\MicroServices\\Social-Media-App\\identity-service\\node_modules\\router\\lib\\route.js:157:13)\n    at Route.dispatch (C:\\Users\\dell\\Desktop\\MicroServices\\Social-Media-App\\identity-service\\node_modules\\router\\lib\\route.js:117:3)\n    at handle (C:\\Users\\dell\\Desktop\\MicroServices\\Social-Media-App\\identity-service\\node_modules\\router\\index.js:435:11)\n    at Layer.handleRequest (C:\\Users\\dell\\Desktop\\MicroServices\\Social-Media-App\\identity-service\\node_modules\\router\\lib\\layer.js:152:17)","timestamp":"2025-05-02T12:41:15.223Z"}
{"level":"error","message":"Error [ERR_HTTP_HEADERS_SENT]: Cannot set headers after they are sent to the client\n    at ServerResponse.setHeader (node:_http_outgoing:659:11)\n    at ServerResponse.header (C:\\Users\\dell\\Desktop\\MicroServices\\Social-Media-App\\identity-service\\node_modules\\express\\lib\\response.js:684:10)\n    at ServerResponse.send (C:\\Users\\dell\\Desktop\\MicroServices\\Social-Media-App\\identity-service\\node_modules\\express\\lib\\response.js:161:12)\n    at ServerResponse.json (C:\\Users\\dell\\Desktop\\MicroServices\\Social-Media-App\\identity-service\\node_modules\\express\\lib\\response.js:250:15)\n    at registerUser (C:\\Users\\dell\\Desktop\\MicroServices\\Social-Media-App\\identity-service\\src\\controller\\identity-controller.js:43:21)\n    at Layer.handleRequest (C:\\Users\\dell\\Desktop\\MicroServices\\Social-Media-App\\identity-service\\node_modules\\router\\lib\\layer.js:152:17)\n    at next (C:\\Users\\dell\\Desktop\\MicroServices\\Social-Media-App\\identity-service\\node_modules\\router\\lib\\route.js:157:13)\n    at Route.dispatch (C:\\Users\\dell\\Desktop\\MicroServices\\Social-Media-App\\identity-service\\node_modules\\router\\lib\\route.js:117:3)\n    at handle (C:\\Users\\dell\\Desktop\\MicroServices\\Social-Media-App\\identity-service\\node_modules\\router\\index.js:435:11)\n    at Layer.handleRequest (C:\\Users\\dell\\Desktop\\MicroServices\\Social-Media-App\\identity-service\\node_modules\\router\\lib\\layer.js:152:17)","service":"identity-service","timestamp":"2025-05-02T12:41:15.228Z"}
{"level":"info","message":"Indentity service is running on PORT 3001","service":"identity-service","timestamp":"2025-05-02T12:41:22.749Z"}
{"level":"info","message":"connected to Database","service":"identity-service","timestamp":"2025-05-02T12:41:24.041Z"}
{"level":"info","message":"Indentity service is running on PORT 3001","service":"identity-service","timestamp":"2025-05-02T12:42:06.933Z"}
{"level":"info","message":"connected to Database","service":"identity-service","timestamp":"2025-05-02T12:42:08.259Z"}
{"level":"info","message":"Recieved POST request to /api/auth/register","service":"identity-service","timestamp":"2025-05-02T12:42:10.304Z"}
{"level":"info","message":"Request Body [object Object]","service":"identity-service","timestamp":"2025-05-02T12:42:10.305Z"}
{"level":"info","message":"Registration Endpoint.......👌","service":"identity-service","timestamp":"2025-05-02T12:42:10.314Z"}
{"0":"\"","1":"p","10":" ","11":"l","12":"e","13":"n","14":"g","15":"t","16":"h","17":" ","18":"m","19":"u","2":"a","20":"s","21":"t","22":" ","23":"b","24":"e","25":" ","26":"a","27":"t","28":" ","29":"l","3":"s","30":"e","31":"a","32":"s","33":"t","34":" ","35":"6","36":" ","37":"c","38":"h","39":"a","4":"s","40":"r","41":"a","42":"c","43":"t","44":"e","45":"r","46":"s","47":" ","48":"l","49":"o","5":"w","50":"n","51":"g","6":"o","7":"r","8":"d","9":"\"","level":"warn","message":"Validation Error","service":"identity-service","timestamp":"2025-05-02T12:42:10.327Z"}
{"code":"ERR_HTTP_HEADERS_SENT","level":"error","message":"Error Occure during registration Cannot set headers after they are sent to the client","service":"identity-service","stack":"Error [ERR_HTTP_HEADERS_SENT]: Cannot set headers after they are sent to the client\n    at ServerResponse.setHeader (node:_http_outgoing:659:11)\n    at ServerResponse.header (C:\\Users\\dell\\Desktop\\MicroServices\\Social-Media-App\\identity-service\\node_modules\\express\\lib\\response.js:684:10)\n    at ServerResponse.send (C:\\Users\\dell\\Desktop\\MicroServices\\Social-Media-App\\identity-service\\node_modules\\express\\lib\\response.js:161:12)\n    at ServerResponse.json (C:\\Users\\dell\\Desktop\\MicroServices\\Social-Media-App\\identity-service\\node_modules\\express\\lib\\response.js:250:15)\n    at registerUser (C:\\Users\\dell\\Desktop\\MicroServices\\Social-Media-App\\identity-service\\src\\controller\\identity-controller.js:16:30)\n    at Layer.handleRequest (C:\\Users\\dell\\Desktop\\MicroServices\\Social-Media-App\\identity-service\\node_modules\\router\\lib\\layer.js:152:17)\n    at next (C:\\Users\\dell\\Desktop\\MicroServices\\Social-Media-App\\identity-service\\node_modules\\router\\lib\\route.js:157:13)\n    at Route.dispatch (C:\\Users\\dell\\Desktop\\MicroServices\\Social-Media-App\\identity-service\\node_modules\\router\\lib\\route.js:117:3)\n    at handle (C:\\Users\\dell\\Desktop\\MicroServices\\Social-Media-App\\identity-service\\node_modules\\router\\index.js:435:11)\n    at Layer.handleRequest (C:\\Users\\dell\\Desktop\\MicroServices\\Social-Media-App\\identity-service\\node_modules\\router\\lib\\layer.js:152:17)","timestamp":"2025-05-02T12:42:10.329Z"}
{"level":"error","message":"Error [ERR_HTTP_HEADERS_SENT]: Cannot set headers after they are sent to the client\n    at ServerResponse.setHeader (node:_http_outgoing:659:11)\n    at ServerResponse.header (C:\\Users\\dell\\Desktop\\MicroServices\\Social-Media-App\\identity-service\\node_modules\\express\\lib\\response.js:684:10)\n    at ServerResponse.send (C:\\Users\\dell\\Desktop\\MicroServices\\Social-Media-App\\identity-service\\node_modules\\express\\lib\\response.js:161:12)\n    at ServerResponse.json (C:\\Users\\dell\\Desktop\\MicroServices\\Social-Media-App\\identity-service\\node_modules\\express\\lib\\response.js:250:15)\n    at registerUser (C:\\Users\\dell\\Desktop\\MicroServices\\Social-Media-App\\identity-service\\src\\controller\\identity-controller.js:43:21)\n    at Layer.handleRequest (C:\\Users\\dell\\Desktop\\MicroServices\\Social-Media-App\\identity-service\\node_modules\\router\\lib\\layer.js:152:17)\n    at next (C:\\Users\\dell\\Desktop\\MicroServices\\Social-Media-App\\identity-service\\node_modules\\router\\lib\\route.js:157:13)\n    at Route.dispatch (C:\\Users\\dell\\Desktop\\MicroServices\\Social-Media-App\\identity-service\\node_modules\\router\\lib\\route.js:117:3)\n    at handle (C:\\Users\\dell\\Desktop\\MicroServices\\Social-Media-App\\identity-service\\node_modules\\router\\index.js:435:11)\n    at Layer.handleRequest (C:\\Users\\dell\\Desktop\\MicroServices\\Social-Media-App\\identity-service\\node_modules\\router\\lib\\layer.js:152:17)","service":"identity-service","timestamp":"2025-05-02T12:42:10.331Z"}
{"level":"info","message":"Indentity service is running on PORT 3001","service":"identity-service","timestamp":"2025-05-02T12:42:28.759Z"}
{"level":"info","message":"connected to Database","service":"identity-service","timestamp":"2025-05-02T12:42:30.194Z"}
{"level":"info","message":"Indentity service is running on PORT 3001","service":"identity-service","timestamp":"2025-05-02T12:43:48.142Z"}
{"level":"info","message":"connected to Database","service":"identity-service","timestamp":"2025-05-02T12:43:49.777Z"}
{"level":"info","message":"Recieved POST request to /api/auth/register","service":"identity-service","timestamp":"2025-05-02T12:43:50.955Z"}
{"level":"info","message":"Request Body [object Object]","service":"identity-service","timestamp":"2025-05-02T12:43:50.957Z"}
{"level":"info","message":"Registration Endpoint.......👌","service":"identity-service","timestamp":"2025-05-02T12:43:50.967Z"}
{"0":"\"","1":"p","10":" ","11":"l","12":"e","13":"n","14":"g","15":"t","16":"h","17":" ","18":"m","19":"u","2":"a","20":"s","21":"t","22":" ","23":"b","24":"e","25":" ","26":"a","27":"t","28":" ","29":"l","3":"s","30":"e","31":"a","32":"s","33":"t","34":" ","35":"6","36":" ","37":"c","38":"h","39":"a","4":"s","40":"r","41":"a","42":"c","43":"t","44":"e","45":"r","46":"s","47":" ","48":"l","49":"o","5":"w","50":"n","51":"g","6":"o","7":"r","8":"d","9":"\"","level":"warn","message":"Validation Error","service":"identity-service","timestamp":"2025-05-02T12:43:50.991Z"}
{"level":"info","message":"Indentity service is running on PORT 3001","service":"identity-service","timestamp":"2025-05-02T12:44:23.264Z"}
{"level":"info","message":"connected to Database","service":"identity-service","timestamp":"2025-05-02T12:44:24.591Z"}
{"level":"info","message":"Recieved POST request to /api/auth/register","service":"identity-service","timestamp":"2025-05-02T12:44:26.002Z"}
{"level":"info","message":"Request Body [object Object]","service":"identity-service","timestamp":"2025-05-02T12:44:26.003Z"}
{"level":"info","message":"Registration Endpoint.......👌","service":"identity-service","timestamp":"2025-05-02T12:44:26.008Z"}
{"0":"\"","1":"p","10":" ","11":"l","12":"e","13":"n","14":"g","15":"t","16":"h","17":" ","18":"m","19":"u","2":"a","20":"s","21":"t","22":" ","23":"b","24":"e","25":" ","26":"a","27":"t","28":" ","29":"l","3":"s","30":"e","31":"a","32":"s","33":"t","34":" ","35":"6","36":" ","37":"c","38":"h","39":"a","4":"s","40":"r","41":"a","42":"c","43":"t","44":"e","45":"r","46":"s","47":" ","48":"l","49":"o","5":"w","50":"n","51":"g","6":"o","7":"r","8":"d","9":"\"","level":"warn","message":"Validation Error","service":"identity-service","timestamp":"2025-05-02T12:44:26.015Z"}
{"level":"info","message":"Recieved POST request to /api/auth/register","service":"identity-service","timestamp":"2025-05-02T12:44:51.171Z"}
{"level":"info","message":"Request Body [object Object]","service":"identity-service","timestamp":"2025-05-02T12:44:51.172Z"}
{"level":"info","message":"Registration Endpoint.......👌","service":"identity-service","timestamp":"2025-05-02T12:44:51.177Z"}
{"level":"error","message":"Error Occure during registration Cannot read properties of undefined (reading 'findOne')","service":"identity-service","stack":"TypeError: Cannot read properties of undefined (reading 'findOne')\n    at registerUser (C:\\Users\\dell\\Desktop\\MicroServices\\Social-Media-App\\identity-service\\src\\controller\\identity-controller.js:22:27)\n    at Layer.handleRequest (C:\\Users\\dell\\Desktop\\MicroServices\\Social-Media-App\\identity-service\\node_modules\\router\\lib\\layer.js:152:17)\n    at next (C:\\Users\\dell\\Desktop\\MicroServices\\Social-Media-App\\identity-service\\node_modules\\router\\lib\\route.js:157:13)\n    at Route.dispatch (C:\\Users\\dell\\Desktop\\MicroServices\\Social-Media-App\\identity-service\\node_modules\\router\\lib\\route.js:117:3)\n    at handle (C:\\Users\\dell\\Desktop\\MicroServices\\Social-Media-App\\identity-service\\node_modules\\router\\index.js:435:11)\n    at Layer.handleRequest (C:\\Users\\dell\\Desktop\\MicroServices\\Social-Media-App\\identity-service\\node_modules\\router\\lib\\layer.js:152:17)\n    at C:\\Users\\dell\\Desktop\\MicroServices\\Social-Media-App\\identity-service\\node_modules\\router\\index.js:295:15\n    at processParams (C:\\Users\\dell\\Desktop\\MicroServices\\Social-Media-App\\identity-service\\node_modules\\router\\index.js:582:12)\n    at next (C:\\Users\\dell\\Desktop\\MicroServices\\Social-Media-App\\identity-service\\node_modules\\router\\index.js:291:5)\n    at Function.handle (C:\\Users\\dell\\Desktop\\MicroServices\\Social-Media-App\\identity-service\\node_modules\\router\\index.js:186:3)","timestamp":"2025-05-02T12:44:51.179Z"}
{"level":"info","message":"Indentity service is running on PORT 3001","service":"identity-service","timestamp":"2025-05-02T12:46:06.699Z"}
{"level":"info","message":"connected to Database","service":"identity-service","timestamp":"2025-05-02T12:46:08.199Z"}
{"level":"info","message":"Recieved POST request to /api/auth/register","service":"identity-service","timestamp":"2025-05-02T12:46:11.601Z"}
{"level":"info","message":"Request Body [object Object]","service":"identity-service","timestamp":"2025-05-02T12:46:11.602Z"}
{"level":"info","message":"Registration Endpoint.......👌","service":"identity-service","timestamp":"2025-05-02T12:46:11.608Z"}
{"buffer":{"data":[104,20,190,147,231,196,15,206,44,176,181,3],"type":"Buffer"},"level":"warn","message":"User Registered Successfully","service":"identity-service","timestamp":"2025-05-02T12:46:12.008Z"}
{"0":"r","1":"e","2":"a","3":"s","4":"o","5":"n","level":"error","message":"Unhandled Rejection at","service":"identity-service","timestamp":"2025-05-02T12:46:12.029Z"}
{"level":"info","message":"Recieved POST request to /api/auth/register","service":"identity-service","timestamp":"2025-05-02T12:47:13.785Z"}
{"level":"info","message":"Request Body [object Object]","service":"identity-service","timestamp":"2025-05-02T12:47:13.785Z"}
{"level":"info","message":"Registration Endpoint.......👌","service":"identity-service","timestamp":"2025-05-02T12:47:13.789Z"}
{"level":"warn","message":"User Already Exist","service":"identity-service","timestamp":"2025-05-02T12:47:13.939Z"}
{"level":"info","message":"Indentity service is running on PORT 3001","service":"identity-service","timestamp":"2025-05-02T12:48:54.781Z"}
{"level":"info","message":"connected to Database","service":"identity-service","timestamp":"2025-05-02T12:48:56.253Z"}
{"level":"info","message":"Recieved POST request to /api/auth/register","service":"identity-service","timestamp":"2025-05-02T12:49:12.516Z"}
{"level":"info","message":"Request Body [object Object]","service":"identity-service","timestamp":"2025-05-02T12:49:12.517Z"}
{"level":"info","message":"Registration Endpoint.......👌","service":"identity-service","timestamp":"2025-05-02T12:49:12.529Z"}
{"buffer":{"data":[104,20,191,72,118,67,82,206,83,136,132,170],"type":"Buffer"},"level":"warn","message":"User Registered Successfully","service":"identity-service","timestamp":"2025-05-02T12:49:12.977Z"}
{"level":"error","message":"Error Occure during registration RefreshToken.create is not a function","service":"identity-service","stack":"TypeError: RefreshToken.create is not a function\n    at generateToken (C:\\Users\\dell\\Desktop\\MicroServices\\Social-Media-App\\identity-service\\src\\utils\\generateToken.js:17:22)\n    at registerUser (C:\\Users\\dell\\Desktop\\MicroServices\\Social-Media-App\\identity-service\\src\\controller\\identity-controller.js:34:49)\n    at process.processTicksAndRejections (node:internal/process/task_queues:95:5)","timestamp":"2025-05-02T12:49:12.991Z"}
{"level":"info","message":"Indentity service is running on PORT 3001","service":"identity-service","timestamp":"2025-05-02T12:50:57.803Z"}
{"level":"info","message":"connected to Database","service":"identity-service","timestamp":"2025-05-02T12:50:59.484Z"}
{"level":"info","message":"Recieved POST request to /api/auth/register","service":"identity-service","timestamp":"2025-05-02T12:51:02.627Z"}
{"level":"info","message":"Request Body [object Object]","service":"identity-service","timestamp":"2025-05-02T12:51:02.627Z"}
{"level":"info","message":"Registration Endpoint.......👌","service":"identity-service","timestamp":"2025-05-02T12:51:02.634Z"}
{"level":"warn","message":"User Already Exist","service":"identity-service","timestamp":"2025-05-02T12:51:02.773Z"}
{"level":"info","message":"Recieved POST request to /api/auth/register","service":"identity-service","timestamp":"2025-05-02T12:51:26.737Z"}
{"level":"info","message":"Request Body [object Object]","service":"identity-service","timestamp":"2025-05-02T12:51:26.738Z"}
{"level":"info","message":"Registration Endpoint.......👌","service":"identity-service","timestamp":"2025-05-02T12:51:26.742Z"}
{"buffer":{"data":[104,20,191,206,154,66,52,202,236,242,108,191],"type":"Buffer"},"level":"warn","message":"User Registered Successfully","service":"identity-service","timestamp":"2025-05-02T12:51:27.154Z"}
{"level":"error","message":"Error Occure during registration refreshToken.create is not a function","service":"identity-service","stack":"TypeError: refreshToken.create is not a function\n    at generateToken (C:\\Users\\dell\\Desktop\\MicroServices\\Social-Media-App\\identity-service\\src\\utils\\generateToken.js:17:22)\n    at registerUser (C:\\Users\\dell\\Desktop\\MicroServices\\Social-Media-App\\identity-service\\src\\controller\\identity-controller.js:34:49)\n    at process.processTicksAndRejections (node:internal/process/task_queues:95:5)","timestamp":"2025-05-02T12:51:27.169Z"}
{"level":"info","message":"Indentity service is running on PORT 3001","service":"identity-service","timestamp":"2025-05-02T12:52:06.027Z"}
{"level":"info","message":"connected to Database","service":"identity-service","timestamp":"2025-05-02T12:52:07.476Z"}
{"level":"info","message":"Indentity service is running on PORT 3001","service":"identity-service","timestamp":"2025-05-02T12:52:10.163Z"}
{"level":"info","message":"connected to Database","service":"identity-service","timestamp":"2025-05-02T12:52:11.484Z"}
{"level":"info","message":"Indentity service is running on PORT 3001","service":"identity-service","timestamp":"2025-05-02T12:52:49.040Z"}
{"level":"info","message":"connected to Database","service":"identity-service","timestamp":"2025-05-02T12:52:50.521Z"}
{"level":"info","message":"Indentity service is running on PORT 3001","service":"identity-service","timestamp":"2025-05-02T12:52:54.266Z"}
{"level":"info","message":"connected to Database","service":"identity-service","timestamp":"2025-05-02T12:52:55.496Z"}
{"level":"info","message":"Indentity service is running on PORT 3001","service":"identity-service","timestamp":"2025-05-02T12:53:09.942Z"}
{"level":"info","message":"connected to Database","service":"identity-service","timestamp":"2025-05-02T12:53:11.563Z"}
{"level":"info","message":"Recieved POST request to /api/auth/register","service":"identity-service","timestamp":"2025-05-02T12:53:17.086Z"}
{"level":"info","message":"Request Body [object Object]","service":"identity-service","timestamp":"2025-05-02T12:53:17.087Z"}
{"level":"info","message":"Registration Endpoint.......👌","service":"identity-service","timestamp":"2025-05-02T12:53:17.092Z"}
{"buffer":{"data":[104,20,192,61,176,95,182,217,202,139,128,62],"type":"Buffer"},"level":"warn","message":"User Registered Successfully","service":"identity-service","timestamp":"2025-05-02T12:53:17.526Z"}
{"level":"error","message":"Error Occure during registration RefreshToken.create is not a function","service":"identity-service","stack":"TypeError: RefreshToken.create is not a function\n    at generateToken (C:\\Users\\dell\\Desktop\\MicroServices\\Social-Media-App\\identity-service\\src\\utils\\generateToken.js:17:22)\n    at registerUser (C:\\Users\\dell\\Desktop\\MicroServices\\Social-Media-App\\identity-service\\src\\controller\\identity-controller.js:34:49)\n    at process.processTicksAndRejections (node:internal/process/task_queues:95:5)","timestamp":"2025-05-02T12:53:17.533Z"}
{"level":"info","message":"Indentity service is running on PORT 3001","service":"identity-service","timestamp":"2025-05-02T12:53:24.501Z"}
{"level":"info","message":"connected to Database","service":"identity-service","timestamp":"2025-05-02T12:53:26.010Z"}
{"level":"info","message":"Indentity service is running on PORT 3001","service":"identity-service","timestamp":"2025-05-02T12:54:12.142Z"}
{"level":"info","message":"connected to Database","service":"identity-service","timestamp":"2025-05-02T12:54:13.858Z"}
{"level":"info","message":"Indentity service is running on PORT 3001","service":"identity-service","timestamp":"2025-05-02T12:54:23.317Z"}
{"level":"info","message":"Indentity service is running on PORT 3001","service":"identity-service","timestamp":"2025-05-02T12:54:26.059Z"}
{"level":"info","message":"connected to Database","service":"identity-service","timestamp":"2025-05-02T12:54:27.459Z"}
{"level":"info","message":"Recieved POST request to /api/auth/register","service":"identity-service","timestamp":"2025-05-02T12:55:02.794Z"}
{"level":"info","message":"Request Body [object Object]","service":"identity-service","timestamp":"2025-05-02T12:55:02.795Z"}
{"level":"info","message":"Registration Endpoint.......👌","service":"identity-service","timestamp":"2025-05-02T12:55:02.805Z"}
{"buffer":{"data":[104,20,192,166,2,106,196,239,40,137,43,201],"type":"Buffer"},"level":"warn","message":"User Registered Successfully","service":"identity-service","timestamp":"2025-05-02T12:55:03.286Z"}
{"level":"error","message":"Error Occure during registration RefreshToken.create is not a function","service":"identity-service","stack":"TypeError: RefreshToken.create is not a function\n    at generateToken (C:\\Users\\dell\\Desktop\\MicroServices\\Social-Media-App\\identity-service\\src\\utils\\generateToken.js:17:22)\n    at registerUser (C:\\Users\\dell\\Desktop\\MicroServices\\Social-Media-App\\identity-service\\src\\controller\\identity-controller.js:34:49)\n    at process.processTicksAndRejections (node:internal/process/task_queues:95:5)","timestamp":"2025-05-02T12:55:03.292Z"}
{"level":"info","message":"Indentity service is running on PORT 3001","service":"identity-service","timestamp":"2025-05-02T12:56:24.004Z"}
{"level":"info","message":"connected to Database","service":"identity-service","timestamp":"2025-05-02T12:56:25.678Z"}
{"level":"info","message":"Indentity service is running on PORT 3001","service":"identity-service","timestamp":"2025-05-02T12:56:42.903Z"}
{"level":"info","message":"connected to Database","service":"identity-service","timestamp":"2025-05-02T12:56:44.317Z"}
{"level":"info","message":"Indentity service is running on PORT 3001","service":"identity-service","timestamp":"2025-05-02T12:56:47.313Z"}
{"level":"info","message":"connected to Database","service":"identity-service","timestamp":"2025-05-02T12:56:48.730Z"}
{"level":"info","message":"Recieved POST request to /api/auth/register","service":"identity-service","timestamp":"2025-05-02T12:56:49.362Z"}
{"level":"info","message":"Request Body [object Object]","service":"identity-service","timestamp":"2025-05-02T12:56:49.363Z"}
{"level":"info","message":"Registration Endpoint.......👌","service":"identity-service","timestamp":"2025-05-02T12:56:49.370Z"}
{"buffer":{"data":[104,20,193,17,209,40,23,190,166,184,212,238],"type":"Buffer"},"level":"warn","message":"User Registered Successfully","service":"identity-service","timestamp":"2025-05-02T12:56:49.760Z"}
{"level":"info","message":"Recieved POST request to /api/auth/register","service":"identity-service","timestamp":"2025-05-02T12:56:56.569Z"}
{"level":"info","message":"Request Body [object Object]","service":"identity-service","timestamp":"2025-05-02T12:56:56.569Z"}
{"level":"info","message":"Registration Endpoint.......👌","service":"identity-service","timestamp":"2025-05-02T12:56:56.571Z"}
{"level":"warn","message":"User Already Exist","service":"identity-service","timestamp":"2025-05-02T12:56:56.724Z"}
{"level":"info","message":"Recieved POST request to /api/auth/register","service":"identity-service","timestamp":"2025-05-02T12:56:57.988Z"}
{"level":"info","message":"Request Body [object Object]","service":"identity-service","timestamp":"2025-05-02T12:56:57.988Z"}
{"level":"info","message":"Registration Endpoint.......👌","service":"identity-service","timestamp":"2025-05-02T12:56:57.991Z"}
{"level":"warn","message":"User Already Exist","service":"identity-service","timestamp":"2025-05-02T12:56:58.136Z"}
{"level":"info","message":"Indentity service is running on PORT 3001","service":"identity-service","timestamp":"2025-05-02T13:03:05.008Z"}
{"level":"info","message":"connected to Database","service":"identity-service","timestamp":"2025-05-02T13:03:06.803Z"}
{"level":"info","message":"Indentity service is running on PORT 3001","service":"identity-service","timestamp":"2025-05-02T13:03:10.231Z"}
{"level":"info","message":"connected to Database","service":"identity-service","timestamp":"2025-05-02T13:03:11.476Z"}
{"level":"info","message":"Indentity service is running on PORT 3001","service":"identity-service","timestamp":"2025-05-02T13:03:25.345Z"}
{"level":"info","message":"connected to Database","service":"identity-service","timestamp":"2025-05-02T13:03:26.653Z"}
{"level":"info","message":"Indentity service is running on PORT 3001","service":"identity-service","timestamp":"2025-05-02T13:03:57.501Z"}
{"level":"info","message":"connected to Database","service":"identity-service","timestamp":"2025-05-02T13:03:59.011Z"}
{"level":"info","message":"Indentity service is running on PORT 3001","service":"identity-service","timestamp":"2025-05-02T13:04:07.413Z"}
{"level":"info","message":"connected to Database","service":"identity-service","timestamp":"2025-05-02T13:04:09.071Z"}
{"level":"info","message":"Indentity service is running on PORT 3001","service":"identity-service","timestamp":"2025-05-02T13:04:23.970Z"}
{"level":"info","message":"connected to Database","service":"identity-service","timestamp":"2025-05-02T13:04:25.425Z"}
{"level":"info","message":"Indentity service is running on PORT 3001","service":"identity-service","timestamp":"2025-05-02T13:04:46.867Z"}
{"level":"info","message":"connected to Database","service":"identity-service","timestamp":"2025-05-02T13:04:48.070Z"}
{"level":"info","message":"Indentity service is running on PORT 3001","service":"identity-service","timestamp":"2025-05-02T13:05:09.483Z"}
{"level":"info","message":"connected to Database","service":"identity-service","timestamp":"2025-05-02T13:05:10.917Z"}
{"level":"info","message":"Indentity service is running on PORT 3001","service":"identity-service","timestamp":"2025-05-02T13:05:20.378Z"}
{"level":"info","message":"connected to Database","service":"identity-service","timestamp":"2025-05-02T13:05:21.946Z"}
{"level":"info","message":"Indentity service is running on PORT 3001","service":"identity-service","timestamp":"2025-05-02T13:05:31.941Z"}
{"level":"info","message":"connected to Database","service":"identity-service","timestamp":"2025-05-02T13:05:33.314Z"}
{"level":"info","message":"Indentity service is running on PORT 3001","service":"identity-service","timestamp":"2025-05-02T13:05:36.357Z"}
{"level":"info","message":"connected to Database","service":"identity-service","timestamp":"2025-05-02T13:05:37.828Z"}
{"level":"info","message":"Recieved POST request to /api/auth/register","service":"identity-service","timestamp":"2025-05-02T13:05:39.057Z"}
{"level":"info","message":"Request Body [object Object]","service":"identity-service","timestamp":"2025-05-02T13:05:39.058Z"}
{"level":"info","message":"Registration Endpoint.......👌","service":"identity-service","timestamp":"2025-05-02T13:05:39.063Z"}
{"level":"error","message":"ReferenceError: mongoose is not defined\n    at registerUser (C:\\Users\\dell\\Desktop\\MicroServices\\Social-Media-App\\identity-service\\src\\controller\\identity-controller.js:12:19)\n    at Layer.handleRequest (C:\\Users\\dell\\Desktop\\MicroServices\\Social-Media-App\\identity-service\\node_modules\\router\\lib\\layer.js:152:17)\n    at next (C:\\Users\\dell\\Desktop\\MicroServices\\Social-Media-App\\identity-service\\node_modules\\router\\lib\\route.js:157:13)\n    at Route.dispatch (C:\\Users\\dell\\Desktop\\MicroServices\\Social-Media-App\\identity-service\\node_modules\\router\\lib\\route.js:117:3)\n    at handle (C:\\Users\\dell\\Desktop\\MicroServices\\Social-Media-App\\identity-service\\node_modules\\router\\index.js:435:11)\n    at Layer.handleRequest (C:\\Users\\dell\\Desktop\\MicroServices\\Social-Media-App\\identity-service\\node_modules\\router\\lib\\layer.js:152:17)\n    at C:\\Users\\dell\\Desktop\\MicroServices\\Social-Media-App\\identity-service\\node_modules\\router\\index.js:295:15\n    at processParams (C:\\Users\\dell\\Desktop\\MicroServices\\Social-Media-App\\identity-service\\node_modules\\router\\index.js:582:12)\n    at next (C:\\Users\\dell\\Desktop\\MicroServices\\Social-Media-App\\identity-service\\node_modules\\router\\index.js:291:5)\n    at Function.handle (C:\\Users\\dell\\Desktop\\MicroServices\\Social-Media-App\\identity-service\\node_modules\\router\\index.js:186:3)","service":"identity-service","timestamp":"2025-05-02T13:05:39.065Z"}
{"level":"info","message":"Indentity service is running on PORT 3001","service":"identity-service","timestamp":"2025-05-02T13:05:54.031Z"}
{"level":"info","message":"connected to Database","service":"identity-service","timestamp":"2025-05-02T13:05:55.421Z"}
{"level":"info","message":"Recieved POST request to /api/auth/register","service":"identity-service","timestamp":"2025-05-02T13:05:56.453Z"}
{"level":"info","message":"Request Body [object Object]","service":"identity-service","timestamp":"2025-05-02T13:05:56.453Z"}
{"level":"info","message":"Registration Endpoint.......👌","service":"identity-service","timestamp":"2025-05-02T13:05:56.460Z"}
{"buffer":{"data":[104,20,195,52,92,188,252,180,80,214,103,226],"type":"Buffer"},"level":"warn","message":"User Registered Successfully","service":"identity-service","timestamp":"2025-05-02T13:05:56.826Z"}
{"level":"info","message":"Recieved POST request to /api/auth/register","service":"identity-service","timestamp":"2025-05-02T13:05:59.963Z"}
{"level":"info","message":"Request Body [object Object]","service":"identity-service","timestamp":"2025-05-02T13:05:59.964Z"}
{"level":"info","message":"Registration Endpoint.......👌","service":"identity-service","timestamp":"2025-05-02T13:05:59.967Z"}
{"level":"warn","message":"User Already Exist","service":"identity-service","timestamp":"2025-05-02T13:06:00.090Z"}
{"level":"info","message":"Recieved POST request to /api/auth/register","service":"identity-service","timestamp":"2025-05-02T13:06:01.192Z"}
{"level":"info","message":"Request Body [object Object]","service":"identity-service","timestamp":"2025-05-02T13:06:01.193Z"}
{"level":"info","message":"Registration Endpoint.......👌","service":"identity-service","timestamp":"2025-05-02T13:06:01.195Z"}
{"level":"warn","message":"User Already Exist","service":"identity-service","timestamp":"2025-05-02T13:06:01.309Z"}
{"level":"info","message":"Recieved POST request to /api/auth/register","service":"identity-service","timestamp":"2025-05-02T13:06:02.377Z"}
{"level":"info","message":"Request Body [object Object]","service":"identity-service","timestamp":"2025-05-02T13:06:02.378Z"}
{"level":"info","message":"Registration Endpoint.......👌","service":"identity-service","timestamp":"2025-05-02T13:06:02.380Z"}
{"level":"warn","message":"User Already Exist","service":"identity-service","timestamp":"2025-05-02T13:06:02.497Z"}
{"level":"info","message":"Recieved POST request to /api/auth/register","service":"identity-service","timestamp":"2025-05-02T13:06:03.134Z"}
{"level":"info","message":"Request Body [object Object]","service":"identity-service","timestamp":"2025-05-02T13:06:03.136Z"}
{"level":"info","message":"Registration Endpoint.......👌","service":"identity-service","timestamp":"2025-05-02T13:06:03.139Z"}
{"level":"warn","message":"User Already Exist","service":"identity-service","timestamp":"2025-05-02T13:06:03.255Z"}
{"level":"info","message":"Recieved POST request to /api/auth/register","service":"identity-service","timestamp":"2025-05-02T13:06:18.479Z"}
{"level":"info","message":"Request Body [object Object]","service":"identity-service","timestamp":"2025-05-02T13:06:18.480Z"}
{"level":"info","message":"Registration Endpoint.......👌","service":"identity-service","timestamp":"2025-05-02T13:06:18.481Z"}
{"level":"warn","message":"User Already Exist","service":"identity-service","timestamp":"2025-05-02T13:06:18.598Z"}
{"level":"info","message":"Recieved POST request to /api/auth/register","service":"identity-service","timestamp":"2025-05-02T13:07:04.576Z"}
{"level":"info","message":"Request Body [object Object]","service":"identity-service","timestamp":"2025-05-02T13:07:04.576Z"}
{"level":"info","message":"Registration Endpoint.......👌","service":"identity-service","timestamp":"2025-05-02T13:07:04.579Z"}
{"level":"warn","message":"User Already Exist","service":"identity-service","timestamp":"2025-05-02T13:07:04.698Z"}
{"level":"info","message":"Recieved POST request to /api/auth/register","service":"identity-service","timestamp":"2025-05-02T13:07:12.408Z"}
{"level":"info","message":"Request Body [object Object]","service":"identity-service","timestamp":"2025-05-02T13:07:12.409Z"}
{"level":"info","message":"Registration Endpoint.......👌","service":"identity-service","timestamp":"2025-05-02T13:07:12.410Z"}
{"buffer":{"data":[104,20,195,128,92,188,252,180,80,214,103,237],"type":"Buffer"},"level":"warn","message":"User Registered Successfully","service":"identity-service","timestamp":"2025-05-02T13:07:12.763Z"}
{"level":"info","message":"Recieved POST request to /api/auth/register","service":"identity-service","timestamp":"2025-05-02T13:07:36.987Z"}
{"level":"info","message":"Request Body [object Object]","service":"identity-service","timestamp":"2025-05-02T13:07:36.987Z"}
{"level":"info","message":"Registration Endpoint.......👌","service":"identity-service","timestamp":"2025-05-02T13:07:36.989Z"}
{"level":"warn","message":"User Already Exist","service":"identity-service","timestamp":"2025-05-02T13:07:37.110Z"}
{"level":"info","message":"Recieved GET request to /","service":"identity-service","timestamp":"2025-05-02T13:18:36.694Z"}
{"level":"info","message":"Request Body undefined","service":"identity-service","timestamp":"2025-05-02T13:18:36.694Z"}
{"level":"info","message":"Indentity service is running on PORT 3001","service":"identity-service","timestamp":"2025-05-05T12:33:27.540Z"}
{"level":"info","message":"connected to Database","service":"identity-service","timestamp":"2025-05-05T12:33:29.597Z"}
{"level":"info","message":"Recieved POST request to /api/auth/register","service":"identity-service","timestamp":"2025-05-05T12:46:53.973Z"}
{"level":"info","message":"Request Body [object Object]","service":"identity-service","timestamp":"2025-05-05T12:46:53.974Z"}
{"level":"info","message":"Registration Endpoint.......👌","service":"identity-service","timestamp":"2025-05-05T12:46:53.998Z"}
{"level":"warn","message":"User Already Exist","service":"identity-service","timestamp":"2025-05-05T12:46:54.135Z"}
{"level":"info","message":"Indentity service is running on PORT 3001","service":"identity-service","timestamp":"2025-05-05T12:58:44.568Z"}
{"level":"info","message":"connected to Database","service":"identity-service","timestamp":"2025-05-05T12:58:46.285Z"}
{"level":"info","message":"Recieved POST request to /auth/register","service":"identity-service","timestamp":"2025-05-05T13:01:28.905Z"}
{"level":"info","message":"Request Body [object Object]","service":"identity-service","timestamp":"2025-05-05T13:01:28.906Z"}
{"level":"info","message":"Recieved POST request to /auth/register","service":"identity-service","timestamp":"2025-05-05T13:02:52.813Z"}
{"level":"info","message":"Request Body [object Object]","service":"identity-service","timestamp":"2025-05-05T13:02:52.814Z"}
{"level":"info","message":"Indentity service is running on PORT 3001","service":"identity-service","timestamp":"2025-05-05T13:03:46.559Z"}
{"level":"info","message":"connected to Database","service":"identity-service","timestamp":"2025-05-05T13:03:48.882Z"}
{"level":"info","message":"Recieved POST request to /auth/register","service":"identity-service","timestamp":"2025-05-05T13:07:16.642Z"}
{"level":"info","message":"Request Body [object Object]","service":"identity-service","timestamp":"2025-05-05T13:07:16.643Z"}
{"level":"info","message":"Recieved POST request to /api/auth/register","service":"identity-service","timestamp":"2025-05-05T13:11:33.064Z"}
{"level":"info","message":"Request Body [object Object]","service":"identity-service","timestamp":"2025-05-05T13:11:33.065Z"}
{"level":"info","message":"Registration Endpoint.......👌","service":"identity-service","timestamp":"2025-05-05T13:11:33.083Z"}
{"level":"warn","message":"User Already Exist","service":"identity-service","timestamp":"2025-05-05T13:11:33.237Z"}
{"level":"info","message":"Indentity service is running on PORT 3001","service":"identity-service","timestamp":"2025-05-05T13:14:54.168Z"}
{"level":"info","message":"connected to Database","service":"identity-service","timestamp":"2025-05-05T13:14:55.809Z"}
{"level":"info","message":"Indentity service is running on PORT 3001","service":"identity-service","timestamp":"2025-05-05T13:15:00.948Z"}
{"level":"info","message":"connected to Database","service":"identity-service","timestamp":"2025-05-05T13:15:02.197Z"}
{"level":"info","message":"Indentity service is running on PORT 3001","service":"identity-service","timestamp":"2025-05-05T13:15:13.337Z"}
{"level":"info","message":"connected to Database","service":"identity-service","timestamp":"2025-05-05T13:15:14.703Z"}
{"level":"info","message":"Indentity service is running on PORT 3001","service":"identity-service","timestamp":"2025-05-05T13:15:25.147Z"}
{"level":"info","message":"connected to Database","service":"identity-service","timestamp":"2025-05-05T13:15:26.650Z"}
{"level":"info","message":"Indentity service is running on PORT 3001","service":"identity-service","timestamp":"2025-05-05T13:15:42.298Z"}
{"level":"info","message":"connected to Database","service":"identity-service","timestamp":"2025-05-05T13:15:43.611Z"}
{"level":"info","message":"Indentity service is running on PORT 3001","service":"identity-service","timestamp":"2025-05-05T13:15:54.351Z"}
{"level":"info","message":"connected to Database","service":"identity-service","timestamp":"2025-05-05T13:15:55.691Z"}
{"level":"info","message":"Indentity service is running on PORT 3001","service":"identity-service","timestamp":"2025-05-05T13:16:33.089Z"}
{"level":"info","message":"connected to Database","service":"identity-service","timestamp":"2025-05-05T13:16:34.473Z"}
{"level":"info","message":"Indentity service is running on PORT 3001","service":"identity-service","timestamp":"2025-05-05T13:16:41.845Z"}
{"level":"info","message":"connected to Database","service":"identity-service","timestamp":"2025-05-05T13:16:43.272Z"}
{"level":"info","message":"Indentity service is running on PORT 3001","service":"identity-service","timestamp":"2025-05-05T13:17:17.921Z"}
{"level":"info","message":"connected to Database","service":"identity-service","timestamp":"2025-05-05T13:17:20.132Z"}
{"level":"info","message":"Indentity service is running on PORT 3001","service":"identity-service","timestamp":"2025-05-05T13:17:43.903Z"}
{"level":"info","message":"connected to Database","service":"identity-service","timestamp":"2025-05-05T13:17:46.188Z"}
{"level":"info","message":"Indentity service is running on PORT 3001","service":"identity-service","timestamp":"2025-05-05T13:18:22.645Z"}
{"level":"info","message":"Indentity service is running on PORT 3001","service":"identity-service","timestamp":"2025-05-05T13:18:26.017Z"}
{"level":"info","message":"connected to Database","service":"identity-service","timestamp":"2025-05-05T13:18:27.431Z"}
{"level":"info","message":"Indentity service is running on PORT 3001","service":"identity-service","timestamp":"2025-05-05T13:18:47.742Z"}
{"level":"info","message":"Indentity service is running on PORT 3001","service":"identity-service","timestamp":"2025-05-05T13:18:51.173Z"}
{"level":"info","message":"connected to Database","service":"identity-service","timestamp":"2025-05-05T13:18:52.473Z"}
{"level":"info","message":"Indentity service is running on PORT 3001","service":"identity-service","timestamp":"2025-05-05T13:18:56.836Z"}
{"level":"info","message":"connected to Database","service":"identity-service","timestamp":"2025-05-05T13:18:58.264Z"}
{"level":"info","message":"Indentity service is running on PORT 3001","service":"identity-service","timestamp":"2025-05-05T13:19:04.366Z"}
{"level":"info","message":"connected to Database","service":"identity-service","timestamp":"2025-05-05T13:19:05.751Z"}
{"level":"info","message":"Indentity service is running on PORT 3001","service":"identity-service","timestamp":"2025-05-05T13:19:09.511Z"}
{"level":"info","message":"connected to Database","service":"identity-service","timestamp":"2025-05-05T13:19:10.976Z"}
{"level":"info","message":"Indentity service is running on PORT 3001","service":"identity-service","timestamp":"2025-05-05T13:19:15.034Z"}
{"level":"info","message":"connected to Database","service":"identity-service","timestamp":"2025-05-05T13:19:16.356Z"}
{"level":"info","message":"Indentity service is running on PORT 3001","service":"identity-service","timestamp":"2025-05-05T13:19:24.766Z"}
{"level":"info","message":"connected to Database","service":"identity-service","timestamp":"2025-05-05T13:19:26.451Z"}
{"level":"info","message":"Indentity service is running on PORT 3001","service":"identity-service","timestamp":"2025-05-05T13:19:32.470Z"}
{"level":"info","message":"connected to Database","service":"identity-service","timestamp":"2025-05-05T13:19:33.876Z"}
{"level":"info","message":"Indentity service is running on PORT 3001","service":"identity-service","timestamp":"2025-05-05T13:19:42.531Z"}
{"level":"info","message":"connected to Database","service":"identity-service","timestamp":"2025-05-05T13:19:43.982Z"}
{"level":"info","message":"Indentity service is running on PORT 3001","service":"identity-service","timestamp":"2025-05-05T13:20:24.859Z"}
{"level":"info","message":"connected to Database","service":"identity-service","timestamp":"2025-05-05T13:20:26.952Z"}
{"level":"info","message":"Indentity service is running on PORT 3001","service":"identity-service","timestamp":"2025-05-05T13:20:33.008Z"}
{"level":"info","message":"connected to Database","service":"identity-service","timestamp":"2025-05-05T13:20:34.474Z"}
{"level":"info","message":"Indentity service is running on PORT 3001","service":"identity-service","timestamp":"2025-05-05T13:20:36.078Z"}
{"level":"info","message":"connected to Database","service":"identity-service","timestamp":"2025-05-05T13:20:37.760Z"}
{"level":"info","message":"Indentity service is running on PORT 3001","service":"identity-service","timestamp":"2025-05-05T13:20:40.914Z"}
{"level":"info","message":"connected to Database","service":"identity-service","timestamp":"2025-05-05T13:20:42.290Z"}
{"level":"info","message":"Indentity service is running on PORT 3001","service":"identity-service","timestamp":"2025-05-05T13:20:54.777Z"}
{"level":"info","message":"connected to Database","service":"identity-service","timestamp":"2025-05-05T13:20:56.028Z"}
{"level":"info","message":"Indentity service is running on PORT 3001","service":"identity-service","timestamp":"2025-05-05T13:20:57.820Z"}
{"level":"info","message":"connected to Database","service":"identity-service","timestamp":"2025-05-05T13:20:59.108Z"}
{"level":"info","message":"Indentity service is running on PORT 3001","service":"identity-service","timestamp":"2025-05-05T13:21:12.003Z"}
{"level":"info","message":"connected to Database","service":"identity-service","timestamp":"2025-05-05T13:21:13.340Z"}
{"level":"info","message":"Indentity service is running on PORT 3001","service":"identity-service","timestamp":"2025-05-05T13:21:18.284Z"}
{"level":"info","message":"connected to Database","service":"identity-service","timestamp":"2025-05-05T13:21:19.692Z"}
{"level":"info","message":"Indentity service is running on PORT 3001","service":"identity-service","timestamp":"2025-05-05T13:21:38.138Z"}
{"level":"info","message":"connected to Database","service":"identity-service","timestamp":"2025-05-05T13:21:39.652Z"}
{"level":"info","message":"Indentity service is running on PORT 3001","service":"identity-service","timestamp":"2025-05-05T13:21:47.245Z"}
{"level":"info","message":"connected to Database","service":"identity-service","timestamp":"2025-05-05T13:21:48.666Z"}
{"level":"info","message":"Indentity service is running on PORT 3001","service":"identity-service","timestamp":"2025-05-05T13:21:59.641Z"}
{"level":"info","message":"Indentity service is running on PORT 3001","service":"identity-service","timestamp":"2025-05-05T13:22:03.490Z"}
{"level":"info","message":"connected to Database","service":"identity-service","timestamp":"2025-05-05T13:22:04.751Z"}
{"level":"info","message":"Indentity service is running on PORT 3001","service":"identity-service","timestamp":"2025-05-05T13:22:11.146Z"}
{"level":"info","message":"connected to Database","service":"identity-service","timestamp":"2025-05-05T13:22:12.497Z"}
{"level":"info","message":"Indentity service is running on PORT 3001","service":"identity-service","timestamp":"2025-05-05T13:22:14.380Z"}
{"level":"info","message":"connected to Database","service":"identity-service","timestamp":"2025-05-05T13:22:16.012Z"}
{"level":"info","message":"Indentity service is running on PORT 3001","service":"identity-service","timestamp":"2025-05-05T13:22:25.483Z"}
{"level":"info","message":"connected to Database","service":"identity-service","timestamp":"2025-05-05T13:22:26.859Z"}
{"level":"info","message":"Indentity service is running on PORT 3001","service":"identity-service","timestamp":"2025-05-05T13:22:34.889Z"}
{"level":"info","message":"connected to Database","service":"identity-service","timestamp":"2025-05-05T13:22:36.537Z"}
{"level":"info","message":"Indentity service is running on PORT 3001","service":"identity-service","timestamp":"2025-05-05T13:22:44.275Z"}
{"level":"info","message":"connected to Database","service":"identity-service","timestamp":"2025-05-05T13:22:45.899Z"}
{"level":"info","message":"Recieved GET request to /api/auth/login","service":"identity-service","timestamp":"2025-05-05T13:24:19.843Z"}
{"level":"info","message":"Request Body [object Object]","service":"identity-service","timestamp":"2025-05-05T13:24:19.844Z"}
{"level":"info","message":"Recieved POST request to /api/auth/login","service":"identity-service","timestamp":"2025-05-05T13:24:25.887Z"}
{"level":"info","message":"Request Body [object Object]","service":"identity-service","timestamp":"2025-05-05T13:24:25.888Z"}
{"level":"info","message":"Login End Point is hit...","service":"identity-service","timestamp":"2025-05-05T13:24:25.889Z"}
{"level":"info","message":"Recieved POST request to /api/auth/login","service":"identity-service","timestamp":"2025-05-05T13:24:37.112Z"}
{"level":"info","message":"Request Body [object Object]","service":"identity-service","timestamp":"2025-05-05T13:24:37.113Z"}
{"level":"info","message":"Login End Point is hit...","service":"identity-service","timestamp":"2025-05-05T13:24:37.115Z"}
{"level":"warn","message":"Invalid Password","service":"identity-service","timestamp":"2025-05-05T13:24:37.320Z"}
{"level":"info","message":"Recieved POST request to /api/auth/login","service":"identity-service","timestamp":"2025-05-05T13:24:40.160Z"}
{"level":"info","message":"Request Body [object Object]","service":"identity-service","timestamp":"2025-05-05T13:24:40.160Z"}
{"level":"info","message":"Login End Point is hit...","service":"identity-service","timestamp":"2025-05-05T13:24:40.161Z"}
{"level":"info","message":"Indentity service is running on PORT 3001","service":"identity-service","timestamp":"2025-05-05T13:25:29.073Z"}
{"level":"info","message":"connected to Database","service":"identity-service","timestamp":"2025-05-05T13:25:30.642Z"}
{"level":"info","message":"Indentity service is running on PORT 3001","service":"identity-service","timestamp":"2025-05-05T13:25:39.003Z"}
{"level":"info","message":"connected to Database","service":"identity-service","timestamp":"2025-05-05T13:25:40.353Z"}
{"level":"info","message":"Indentity service is running on PORT 3001","service":"identity-service","timestamp":"2025-05-05T13:25:54.698Z"}
{"level":"info","message":"connected to Database","service":"identity-service","timestamp":"2025-05-05T13:25:55.990Z"}
{"level":"info","message":"Indentity service is running on PORT 3001","service":"identity-service","timestamp":"2025-05-05T13:26:11.417Z"}
{"level":"info","message":"connected to Database","service":"identity-service","timestamp":"2025-05-05T13:26:12.769Z"}
{"level":"info","message":"Indentity service is running on PORT 3001","service":"identity-service","timestamp":"2025-05-05T13:26:26.640Z"}
{"level":"info","message":"connected to Database","service":"identity-service","timestamp":"2025-05-05T13:26:28.063Z"}
{"level":"info","message":"Indentity service is running on PORT 3001","service":"identity-service","timestamp":"2025-05-05T13:26:36.973Z"}
{"level":"info","message":"connected to Database","service":"identity-service","timestamp":"2025-05-05T13:26:38.728Z"}
{"level":"info","message":"Indentity service is running on PORT 3001","service":"identity-service","timestamp":"2025-05-05T13:26:50.678Z"}
{"level":"info","message":"connected to Database","service":"identity-service","timestamp":"2025-05-05T13:26:52.035Z"}
{"level":"info","message":"Indentity service is running on PORT 3001","service":"identity-service","timestamp":"2025-05-05T13:27:03.131Z"}
{"level":"info","message":"connected to Database","service":"identity-service","timestamp":"2025-05-05T13:27:04.595Z"}
{"level":"info","message":"Indentity service is running on PORT 3001","service":"identity-service","timestamp":"2025-05-05T13:27:37.837Z"}
{"level":"info","message":"connected to Database","service":"identity-service","timestamp":"2025-05-05T13:27:39.461Z"}
{"level":"info","message":"Indentity service is running on PORT 3001","service":"identity-service","timestamp":"2025-05-05T13:28:06.520Z"}
{"level":"info","message":"connected to Database","service":"identity-service","timestamp":"2025-05-05T13:28:07.951Z"}
{"level":"info","message":"Indentity service is running on PORT 3001","service":"identity-service","timestamp":"2025-05-05T13:28:21.202Z"}
{"level":"info","message":"connected to Database","service":"identity-service","timestamp":"2025-05-05T13:28:22.728Z"}
{"level":"info","message":"Indentity service is running on PORT 3001","service":"identity-service","timestamp":"2025-05-05T13:28:48.285Z"}
{"level":"info","message":"connected to Database","service":"identity-service","timestamp":"2025-05-05T13:28:49.975Z"}
{"level":"info","message":"Indentity service is running on PORT 3001","service":"identity-service","timestamp":"2025-05-05T13:28:55.261Z"}
{"level":"info","message":"connected to Database","service":"identity-service","timestamp":"2025-05-05T13:28:56.558Z"}
{"level":"info","message":"Indentity service is running on PORT 3001","service":"identity-service","timestamp":"2025-05-05T13:29:08.402Z"}
{"level":"info","message":"connected to Database","service":"identity-service","timestamp":"2025-05-05T13:29:09.853Z"}
{"level":"info","message":"Indentity service is running on PORT 3001","service":"identity-service","timestamp":"2025-05-05T13:29:22.306Z"}
{"level":"info","message":"connected to Database","service":"identity-service","timestamp":"2025-05-05T13:29:23.730Z"}
{"level":"info","message":"Indentity service is running on PORT 3001","service":"identity-service","timestamp":"2025-05-05T13:29:35.111Z"}
{"level":"info","message":"connected to Database","service":"identity-service","timestamp":"2025-05-05T13:29:36.514Z"}
{"level":"info","message":"Indentity service is running on PORT 3001","service":"identity-service","timestamp":"2025-05-05T13:29:43.884Z"}
{"level":"info","message":"connected to Database","service":"identity-service","timestamp":"2025-05-05T13:29:45.130Z"}
{"level":"info","message":"Indentity service is running on PORT 3001","service":"identity-service","timestamp":"2025-05-05T13:30:28.997Z"}
{"level":"info","message":"connected to Database","service":"identity-service","timestamp":"2025-05-05T13:30:30.446Z"}
{"level":"info","message":"Indentity service is running on PORT 3001","service":"identity-service","timestamp":"2025-05-05T13:31:35.003Z"}
{"level":"info","message":"connected to Database","service":"identity-service","timestamp":"2025-05-05T13:31:36.529Z"}
{"level":"info","message":"Indentity service is running on PORT 3001","service":"identity-service","timestamp":"2025-05-05T13:31:52.401Z"}
{"level":"info","message":"connected to Database","service":"identity-service","timestamp":"2025-05-05T13:31:53.734Z"}
{"level":"info","message":"Indentity service is running on PORT 3001","service":"identity-service","timestamp":"2025-05-05T13:31:57.084Z"}
{"level":"info","message":"Indentity service is running on PORT 3001","service":"identity-service","timestamp":"2025-05-05T13:32:02.939Z"}
{"level":"info","message":"connected to Database","service":"identity-service","timestamp":"2025-05-05T13:32:04.338Z"}
{"level":"info","message":"Indentity service is running on PORT 3001","service":"identity-service","timestamp":"2025-05-05T13:32:10.458Z"}
{"level":"info","message":"connected to Database","service":"identity-service","timestamp":"2025-05-05T13:32:11.784Z"}
{"level":"info","message":"Indentity service is running on PORT 3001","service":"identity-service","timestamp":"2025-05-05T13:32:28.341Z"}
{"level":"info","message":"connected to Database","service":"identity-service","timestamp":"2025-05-05T13:32:29.770Z"}
{"level":"info","message":"Indentity service is running on PORT 3001","service":"identity-service","timestamp":"2025-05-05T13:32:48.536Z"}
{"level":"info","message":"connected to Database","service":"identity-service","timestamp":"2025-05-05T13:32:50.325Z"}
{"level":"info","message":"Indentity service is running on PORT 3001","service":"identity-service","timestamp":"2025-05-05T13:33:02.176Z"}
{"level":"info","message":"Indentity service is running on PORT 3001","service":"identity-service","timestamp":"2025-05-05T13:33:04.535Z"}
{"level":"info","message":"connected to Database","service":"identity-service","timestamp":"2025-05-05T13:33:05.818Z"}
{"level":"info","message":"Indentity service is running on PORT 3001","service":"identity-service","timestamp":"2025-05-05T13:33:48.183Z"}
{"level":"info","message":"connected to Database","service":"identity-service","timestamp":"2025-05-05T13:33:49.970Z"}
{"level":"info","message":"Indentity service is running on PORT 3001","service":"identity-service","timestamp":"2025-05-05T13:33:58.114Z"}
{"level":"info","message":"Indentity service is running on PORT 3001","service":"identity-service","timestamp":"2025-05-05T13:34:04.012Z"}
{"level":"info","message":"Indentity service is running on PORT 3001","service":"identity-service","timestamp":"2025-05-05T13:34:07.388Z"}
{"level":"info","message":"connected to Database","service":"identity-service","timestamp":"2025-05-05T13:34:08.732Z"}
{"level":"info","message":"Indentity service is running on PORT 3001","service":"identity-service","timestamp":"2025-05-05T13:34:18.521Z"}
{"level":"info","message":"connected to Database","service":"identity-service","timestamp":"2025-05-05T13:34:20.406Z"}
{"level":"info","message":"Indentity service is running on PORT 3001","service":"identity-service","timestamp":"2025-05-05T13:34:27.572Z"}
{"level":"info","message":"connected to Database","service":"identity-service","timestamp":"2025-05-05T13:34:28.964Z"}
{"level":"info","message":"Indentity service is running on PORT 3001","service":"identity-service","timestamp":"2025-05-05T13:34:41.509Z"}
{"level":"info","message":"connected to Database","service":"identity-service","timestamp":"2025-05-05T13:34:42.818Z"}
{"level":"info","message":"Indentity service is running on PORT 3001","service":"identity-service","timestamp":"2025-05-05T13:34:49.033Z"}
{"level":"info","message":"Indentity service is running on PORT 3001","service":"identity-service","timestamp":"2025-05-05T13:34:52.355Z"}
{"level":"info","message":"connected to Database","service":"identity-service","timestamp":"2025-05-05T13:34:53.693Z"}
{"level":"info","message":"Indentity service is running on PORT 3001","service":"identity-service","timestamp":"2025-05-05T13:36:28.767Z"}
{"level":"info","message":"connected to Database","service":"identity-service","timestamp":"2025-05-05T13:36:30.530Z"}
{"level":"info","message":"Indentity service is running on PORT 3001","service":"identity-service","timestamp":"2025-05-05T13:36:37.171Z"}
{"level":"info","message":"connected to Database","service":"identity-service","timestamp":"2025-05-05T13:36:38.461Z"}
{"level":"info","message":"Indentity service is running on PORT 3001","service":"identity-service","timestamp":"2025-05-05T13:36:57.652Z"}
{"level":"info","message":"connected to Database","service":"identity-service","timestamp":"2025-05-05T13:36:59.010Z"}
{"level":"info","message":"Indentity service is running on PORT 3001","service":"identity-service","timestamp":"2025-05-05T13:37:02.661Z"}
{"level":"info","message":"connected to Database","service":"identity-service","timestamp":"2025-05-05T13:37:04.031Z"}
{"level":"info","message":"Indentity service is running on PORT 3001","service":"identity-service","timestamp":"2025-05-05T13:37:11.787Z"}
{"level":"info","message":"connected to Database","service":"identity-service","timestamp":"2025-05-05T13:37:13.127Z"}
{"level":"info","message":"Indentity service is running on PORT 3001","service":"identity-service","timestamp":"2025-05-05T13:37:30.384Z"}
{"level":"info","message":"connected to Database","service":"identity-service","timestamp":"2025-05-05T13:37:32.114Z"}
{"level":"info","message":"Indentity service is running on PORT 3001","service":"identity-service","timestamp":"2025-05-05T13:37:36.185Z"}
{"level":"info","message":"connected to Database","service":"identity-service","timestamp":"2025-05-05T13:37:37.553Z"}
{"level":"info","message":"Indentity service is running on PORT 3001","service":"identity-service","timestamp":"2025-05-05T13:37:49.137Z"}
{"level":"info","message":"connected to Database","service":"identity-service","timestamp":"2025-05-05T13:37:50.621Z"}
{"level":"info","message":"Indentity service is running on PORT 3001","service":"identity-service","timestamp":"2025-05-05T13:38:00.158Z"}
{"level":"info","message":"connected to Database","service":"identity-service","timestamp":"2025-05-05T13:38:01.390Z"}
{"level":"info","message":"Indentity service is running on PORT 3001","service":"identity-service","timestamp":"2025-05-05T13:38:12.414Z"}
{"level":"info","message":"connected to Database","service":"identity-service","timestamp":"2025-05-05T13:38:13.716Z"}
{"level":"info","message":"Indentity service is running on PORT 3001","service":"identity-service","timestamp":"2025-05-05T13:38:27.543Z"}
{"level":"info","message":"connected to Database","service":"identity-service","timestamp":"2025-05-05T13:38:28.908Z"}
{"level":"info","message":"Indentity service is running on PORT 3001","service":"identity-service","timestamp":"2025-05-05T13:38:40.583Z"}
{"level":"info","message":"connected to Database","service":"identity-service","timestamp":"2025-05-05T13:38:41.941Z"}
{"level":"info","message":"Indentity service is running on PORT 3001","service":"identity-service","timestamp":"2025-05-05T13:39:14.774Z"}
{"level":"info","message":"connected to Database","service":"identity-service","timestamp":"2025-05-05T13:39:16.240Z"}
{"level":"info","message":"Indentity service is running on PORT 3001","service":"identity-service","timestamp":"2025-05-05T13:39:26.509Z"}
{"level":"info","message":"connected to Database","service":"identity-service","timestamp":"2025-05-05T13:39:27.866Z"}
{"level":"info","message":"Indentity service is running on PORT 3001","service":"identity-service","timestamp":"2025-05-05T13:39:47.660Z"}
{"level":"info","message":"connected to Database","service":"identity-service","timestamp":"2025-05-05T13:39:49.469Z"}
{"level":"info","message":"Indentity service is running on PORT 3001","service":"identity-service","timestamp":"2025-05-05T13:39:51.896Z"}
{"level":"info","message":"connected to Database","service":"identity-service","timestamp":"2025-05-05T13:39:53.136Z"}
{"level":"info","message":"Indentity service is running on PORT 3001","service":"identity-service","timestamp":"2025-05-05T13:40:14.940Z"}
{"level":"info","message":"connected to Database","service":"identity-service","timestamp":"2025-05-05T13:40:16.239Z"}
{"level":"info","message":"Indentity service is running on PORT 3001","service":"identity-service","timestamp":"2025-05-05T13:40:27.427Z"}
{"level":"info","message":"connected to Database","service":"identity-service","timestamp":"2025-05-05T13:40:28.692Z"}
{"level":"info","message":"Indentity service is running on PORT 3001","service":"identity-service","timestamp":"2025-05-05T13:40:54.149Z"}
{"level":"info","message":"connected to Database","service":"identity-service","timestamp":"2025-05-05T13:40:55.671Z"}
{"level":"info","message":"Indentity service is running on PORT 3001","service":"identity-service","timestamp":"2025-05-05T13:41:04.277Z"}
{"level":"info","message":"connected to Database","service":"identity-service","timestamp":"2025-05-05T13:41:05.707Z"}
{"level":"info","message":"Indentity service is running on PORT 3001","service":"identity-service","timestamp":"2025-05-05T13:41:14.752Z"}
{"level":"info","message":"Indentity service is running on PORT 3001","service":"identity-service","timestamp":"2025-05-05T13:41:17.863Z"}
{"level":"info","message":"connected to Database","service":"identity-service","timestamp":"2025-05-05T13:41:19.198Z"}
{"level":"info","message":"Indentity service is running on PORT 3001","service":"identity-service","timestamp":"2025-05-05T13:41:23.968Z"}
{"level":"info","message":"connected to Database","service":"identity-service","timestamp":"2025-05-05T13:41:25.344Z"}
{"level":"info","message":"Indentity service is running on PORT 3001","service":"identity-service","timestamp":"2025-05-05T13:41:39.494Z"}
{"level":"info","message":"connected to Database","service":"identity-service","timestamp":"2025-05-05T13:41:40.840Z"}
{"level":"info","message":"Indentity service is running on PORT 3001","service":"identity-service","timestamp":"2025-05-05T13:41:59.511Z"}
{"level":"info","message":"connected to Database","service":"identity-service","timestamp":"2025-05-05T13:42:01.047Z"}
{"level":"info","message":"Indentity service is running on PORT 3001","service":"identity-service","timestamp":"2025-05-05T13:42:10.181Z"}
{"level":"info","message":"connected to Database","service":"identity-service","timestamp":"2025-05-05T13:42:11.537Z"}
{"level":"info","message":"Indentity service is running on PORT 3001","service":"identity-service","timestamp":"2025-05-05T13:42:41.851Z"}
{"level":"info","message":"connected to Database","service":"identity-service","timestamp":"2025-05-05T13:42:43.141Z"}
{"level":"info","message":"Indentity service is running on PORT 3001","service":"identity-service","timestamp":"2025-05-05T13:42:49.763Z"}
{"level":"info","message":"connected to Database","service":"identity-service","timestamp":"2025-05-05T13:42:51.053Z"}
{"level":"info","message":"Indentity service is running on PORT 3001","service":"identity-service","timestamp":"2025-05-05T13:42:58.398Z"}
{"level":"info","message":"connected to Database","service":"identity-service","timestamp":"2025-05-05T13:43:00.039Z"}
{"level":"info","message":"Indentity service is running on PORT 3001","service":"identity-service","timestamp":"2025-05-05T15:06:14.537Z"}
{"level":"info","message":"connected to Database","service":"identity-service","timestamp":"2025-05-05T15:06:16.194Z"}
{"level":"info","message":"Indentity service is running on PORT 3001","service":"identity-service","timestamp":"2025-05-05T15:08:04.933Z"}
{"level":"info","message":"connected to Database","service":"identity-service","timestamp":"2025-05-05T15:08:06.882Z"}
{"level":"info","message":"Recieved POST request to /api/auth/login","service":"identity-service","timestamp":"2025-05-05T15:09:05.855Z"}
{"level":"info","message":"Request Body [object Object]","service":"identity-service","timestamp":"2025-05-05T15:09:05.857Z"}
{"level":"info","message":"Login End Point is hit...","service":"identity-service","timestamp":"2025-05-05T15:09:05.872Z"}
{"level":"info","message":"Recieved POST request to /api/auth/login","service":"identity-service","timestamp":"2025-05-05T15:23:18.799Z"}
{"level":"info","message":"Request Body [object Object]","service":"identity-service","timestamp":"2025-05-05T15:23:18.801Z"}
{"level":"info","message":"Login End Point is hit...","service":"identity-service","timestamp":"2025-05-05T15:23:18.804Z"}
{"level":"info","message":"Recieved POST request to /api/auth/login","service":"identity-service","timestamp":"2025-05-05T15:31:32.119Z"}
{"level":"info","message":"Request Body [object Object]","service":"identity-service","timestamp":"2025-05-05T15:31:32.120Z"}
{"level":"info","message":"Login End Point is hit...","service":"identity-service","timestamp":"2025-05-05T15:31:32.124Z"}
{"level":"info","message":"Indentity service is running on PORT 3001","service":"identity-service","timestamp":"2025-05-06T13:10:44.344Z"}
{"level":"info","message":"connected to Database","service":"identity-service","timestamp":"2025-05-06T13:10:46.112Z"}
{"level":"info","message":"Recieved POST request to /api/auth/login","service":"identity-service","timestamp":"2025-05-06T13:12:55.848Z"}
{"level":"info","message":"Request Body [object Object]","service":"identity-service","timestamp":"2025-05-06T13:12:55.849Z"}
{"level":"info","message":"Login End Point is hit...","service":"identity-service","timestamp":"2025-05-06T13:12:55.856Z"}
{"level":"info","message":"Recieved POST request to /api/auth/register","service":"identity-service","timestamp":"2025-05-06T13:20:47.312Z"}
{"level":"info","message":"Request Body [object Object]","service":"identity-service","timestamp":"2025-05-06T13:20:47.313Z"}
{"level":"info","message":"Registration Endpoint.......👌","service":"identity-service","timestamp":"2025-05-06T13:20:47.319Z"}
{"buffer":{"data":[104,26,12,175,41,138,39,204,29,172,141,125],"type":"Buffer"},"level":"warn","message":"User Registered Successfully","service":"identity-service","timestamp":"2025-05-06T13:20:47.881Z"}
{"level":"info","message":"Recieved POST request to /api/auth/register","service":"identity-service","timestamp":"2025-05-06T13:20:53.185Z"}
{"level":"info","message":"Request Body [object Object]","service":"identity-service","timestamp":"2025-05-06T13:20:53.186Z"}
{"level":"info","message":"Registration Endpoint.......👌","service":"identity-service","timestamp":"2025-05-06T13:20:53.190Z"}
{"level":"warn","message":"User Already Exist","service":"identity-service","timestamp":"2025-05-06T13:20:53.339Z"}
{"level":"info","message":"Recieved POST request to /api/auth/login","service":"identity-service","timestamp":"2025-05-06T13:21:22.329Z"}
{"level":"info","message":"Request Body [object Object]","service":"identity-service","timestamp":"2025-05-06T13:21:22.330Z"}
{"level":"info","message":"Login End Point is hit...","service":"identity-service","timestamp":"2025-05-06T13:21:22.333Z"}
{"level":"info","message":"Recieved POST request to /api/auth/login","service":"identity-service","timestamp":"2025-05-06T13:21:35.727Z"}
{"level":"info","message":"Request Body [object Object]","service":"identity-service","timestamp":"2025-05-06T13:21:35.729Z"}
{"level":"info","message":"Login End Point is hit...","service":"identity-service","timestamp":"2025-05-06T13:21:35.732Z"}
{"level":"info","message":"Recieved POST request to /api/auth/login","service":"identity-service","timestamp":"2025-05-06T14:30:02.940Z"}
{"level":"info","message":"Request Body [object Object]","service":"identity-service","timestamp":"2025-05-06T14:30:02.941Z"}
{"level":"info","message":"Login End Point is hit...","service":"identity-service","timestamp":"2025-05-06T14:30:02.944Z"}
{"level":"info","message":"Recieved POST request to /api/auth/login","service":"identity-service","timestamp":"2025-05-06T14:36:27.117Z"}
{"level":"info","message":"Request Body [object Object]","service":"identity-service","timestamp":"2025-05-06T14:36:27.117Z"}
{"level":"info","message":"Login End Point is hit...","service":"identity-service","timestamp":"2025-05-06T14:36:27.121Z"}
{"level":"info","message":"Recieved POST request to /api/auth/login","service":"identity-service","timestamp":"2025-05-06T17:40:26.937Z"}
{"level":"info","message":"Request Body [object Object]","service":"identity-service","timestamp":"2025-05-06T17:40:26.938Z"}
{"level":"info","message":"Login End Point is hit...","service":"identity-service","timestamp":"2025-05-06T17:40:26.941Z"}
{"level":"info","message":"Indentity service is running on PORT 3001","service":"identity-service","timestamp":"2025-05-07T12:48:22.787Z"}
{"level":"info","message":"connected to Database","service":"identity-service","timestamp":"2025-05-07T12:48:24.699Z"}
{"level":"info","message":"Recieved POST request to /api/auth/login","service":"identity-service","timestamp":"2025-05-07T12:53:21.461Z"}
{"level":"info","message":"Request Body [object Object]","service":"identity-service","timestamp":"2025-05-07T12:53:21.462Z"}
{"level":"info","message":"Login End Point is hit...","service":"identity-service","timestamp":"2025-05-07T12:53:21.467Z"}
{"level":"info","message":"Indentity service is running on PORT 3001","service":"identity-service","timestamp":"2025-05-07T13:02:44.374Z"}
{"level":"info","message":"connected to Database","service":"identity-service","timestamp":"2025-05-07T13:02:45.628Z"}
{"level":"info","message":"Indentity service is running on PORT 3001","service":"identity-service","timestamp":"2025-05-08T12:11:46.631Z"}
{"level":"info","message":"connected to Database","service":"identity-service","timestamp":"2025-05-08T12:11:48.391Z"}
{"level":"info","message":"Recieved POST request to /api/auth/login","service":"identity-service","timestamp":"2025-05-08T13:27:58.741Z"}
{"level":"info","message":"Request Body [object Object]","service":"identity-service","timestamp":"2025-05-08T13:27:58.743Z"}
{"level":"info","message":"Login End Point is hit...","service":"identity-service","timestamp":"2025-05-08T13:27:58.763Z"}
{"level":"info","message":"Recieved POST request to /api/auth/login","service":"identity-service","timestamp":"2025-05-08T14:32:40.939Z"}
{"level":"info","message":"Request Body [object Object]","service":"identity-service","timestamp":"2025-05-08T14:32:40.941Z"}
{"level":"info","message":"Login End Point is hit...","service":"identity-service","timestamp":"2025-05-08T14:32:40.943Z"}
{"level":"info","message":"Recieved POST request to /api/auth/login","service":"identity-service","timestamp":"2025-05-08T14:34:28.888Z"}
{"level":"info","message":"Request Body [object Object]","service":"identity-service","timestamp":"2025-05-08T14:34:28.889Z"}
{"level":"info","message":"Login End Point is hit...","service":"identity-service","timestamp":"2025-05-08T14:34:28.891Z"}
{"level":"info","message":"Recieved POST request to /api/auth/login","service":"identity-service","timestamp":"2025-05-08T14:35:07.152Z"}
{"level":"info","message":"Request Body [object Object]","service":"identity-service","timestamp":"2025-05-08T14:35:07.153Z"}
{"level":"info","message":"Login End Point is hit...","service":"identity-service","timestamp":"2025-05-08T14:35:07.154Z"}
